
1542318424;

1542318429;

1542318442;

1542318455;

1542318457;

1542322143; -1011915796


1542322160; -1011915796


1542322170; -1011915796


1542322209; 1


1542322220; 0


1542322222; 1


1542322223; 0


1542322224; 1


1542379215; 1


1542379215; 0


1542379215; 1


1542379215; 0


1542379215; 1


1542379215; 0


1542379215; 1


1542379215; 0


1542379215; 1


1542379215; 0


1542379215; 1


1542379215; 0


1542379215; 1


1542379215; 0


1542379215; 1


1542379215; 0


1542379215; 1


1542379215; 0


1542379215; 1


1542379215; 0


1542379215; 1


1542379215; 0


1542379215; 1


1542379215; 0


1542379215; 1


1542379215; 0


1542379215; 1


1542379215; 0


1542379215; 1


1542379215; 0


1542379215; 1


1542379215; 0


1542379215; 1


1542379215; 0


1542379215; 1


1542379215; 0


1542379215; 1


1542379215; 0


1542379215; 1


1542379215; 0


1542379215; 1


1542379215; 0


1542379215; 1


1542379215; 0


1542379215; 1


1542379215; 0


1542379215; 1


1542379215; 0


1542379215; 1


1542379215; 0


1542379215; 1


1542379215; 0


1542379215; 1


1542379215; 0


1542379215; 1


1542379215; 0


1542379215; 1


1542379215; 0


1542379215; 1


1542379215; 0


1542379215; 1


1542379215; 0


1542379215; 1


1542379215; 0


1542379215; 1


1542379215; 0


1542379215; 1


1542379215; 0


1542379215; 1


1542379215; 0


1542379215; 1


1542379215; 0


1542379215; 1


1542379215; 0


1542379216; 1


1542379216; 0


1542379216; 1


1542379216; 0


1542379216; 1


1542379216; 0


1542379216; 1


1542379216; 0


1542379216; 1


1542379216; 0


1542379216; 1


1542379216; 0


1542379216; 1


1542379216; 0


1542379216; 1


1542379216; 0


1542379216; 1


1542379216; 0


1542379216; 1


1542379216; 0


1542379216; 1


1542379216; 0


1542379216; 1


1542379216; 0


1542379216; 1


1542379216; 0


1542379217; 1


1542379217; 0


1542379217; 1


1542379218; 0


1542379218; 1


1542379218; 0


1542379218; 1


1542379218; 0


1542379218; 1


1542379218; 0


1542379218; 1


1542379218; 0


1542379218; 1


1542379218; 0


1542379218; 1


1542379218; 0


1542379218; 1


1542379218; 0


1542379218; 1


1542379218; 0


1542379218; 1


1542379218; 0


1542379218; 1


1542379218; 0


1542379218; 1


1542379218; 0


1542379218; 1


1542379218; 0


1542379218; 1


1542379218; 0


1542379218; 1


1542379218; 0


1542379218; 1


1542379218; 0


1542379218; 1


1542379218; 0


1542379218; 1


1542379218; 0


1542379218; 1


1542379218; 0


1542379218; 1


1542379218; 0


1542379218; 1


1542379218; 0


1542379218; 1


1542379218; 0


1542379218; 1


1542379218; 0


1542379218; 1


1542379218; 0


1542379218; 1


1542379218; 0


1542379218; 1


1542379218; 0


1542379218; 1


1542379218; 0


1542379218; 1


1542379218; 0


1542379218; 1


1542379218; 0


1542379218; 1


1542379218; 0


1542379218; 1


1542379218; 0


1542379218; 1


1542379218; 0


1542379218; 1


1542379218; 0


1542379218; 1


1542379218; 0


1542379218; 1


1542379218; 0


1542379218; 1


1542379218; 0


1542379218; 1


1542379218; 0


1542379218; 1


1542379218; 0


1542379218; 1


1542379218; 0


1542379218; 1


1542379218; 0


1542379218; 1


1542379218; 0


1542379218; 1


1542379218; 0


1542379218; 1


1542379218; 0


1542379218; 1


1542379218; 0


1542379218; 1


1542379218; 0


1542379218; 1


1542379218; 0


1542379218; 1


1542379218; 0


1542379218; 1


1542379218; 0


1542379220; 1


1542379221; 0


1542379221; 1


1542379221; 0


1542379221; 1


1542379221; 0


1542379221; 1


1542379221; 0


1542379221; 1


1542379221; 0


1542379221; 1


1542379221; 0


1542379221; 1


1542379221; 0


1542379221; 1


1542379221; 0


1542379222; 1


1542379222; 0


1542379222; 1


1542379223; 0


1542379223; 1


1542379223; 0


1542379223; 1


1542379223; 0


1542379223; 1


1542379223; 0


1542379223; 1


1542379223; 0


1542379223; 1


1542379223; 0


1542379223; 1


1542379223; 0


1542379223; 1


1542379223; 0


1542379223; 1


1542379223; 0


1542379321; 1


1542379323; 0


1542379323; 1


1542379323; 0


1542379323; 1


1542379339; 1


1542379340; 0


1542379340; 1


1542379340; 0


1542379340; 1


1542379340; 0


1542379340; 1


1542379340; 0


1542379341; 1


1542379341; 0


1542379341; 1


1542379342; 0


1542379342; 1


1542379342; 0


1542379342; 1


1542379342; 0


1542379343; 1


1542379343; 0


1542379343; 1


1542379343; 0


1542379343; 1


1542379346; 0


1542379347; 1


1542379350; 0


1542379350; 1


1542379350; 0


1542379350; 1


1542379350; 0


1542379350; 1


1542379350; 0


1542379350; 1


1542379350; 0


1542379350; 1


1542379350; 0


1542379350; 1


1542379350; 0


1542379350; 1


1542379350; 0


1542379350; 1


1542379350; 0


1542379350; 1


1542379350; 0


1542379350; 1


1542379350; 0


1542379350; 1


1542379350; 0


1542379350; 1


1542379350; 0


1542379350; 1


1542379350; 0


1542379350; 1


1542379350; 0


1542379350; 1


1542379350; 0


1542379350; 1


1542379350; 0


1542379350; 1


1542379350; 0


1542379350; 1


1542379350; 0


1542379350; 1


1542379350; 0


1542379350; 1


1542379350; 0


1542379350; 1


1542379350; 0


1542379350; 1


1542379350; 0


1542379350; 1


1542379350; 0


1542379350; 1


1542379350; 0


1542379350; 1


1542379350; 0


1542379350; 1


1542379350; 0


1542379350; 1


1542379350; 0


1542379350; 1


1542379350; 0


1542379350; 1


1542379350; 0


1542379350; 1


1542379350; 0


1542379350; 1


1542379350; 0


1542379350; 1


1542379350; 0


1542379350; 1


1542379350; 0


1542379350; 1


1542379350; 0


1542379350; 1


1542379350; 0


1542379350; 1


1542379350; 0


1542379350; 1


1542379350; 0


1542379350; 1


1542379350; 0


1542379350; 1


1542379350; 0


1542379350; 1


1542379350; 0


1542379350; 1


1542379350; 0


1542379350; 1


1542379350; 0


1542379350; 1


1542379350; 0


1542379350; 1


1542379350; 0


1542379350; 1


1542379350; 0


1542379350; 1


1542379350; 0


1542379350; 1


1542379350; 0


1542379350; 1


1542379350; 0


1542379350; 1


1542379350; 0


1542379350; 1


1542379350; 0


1542379350; 1


1542379350; 0


1542379350; 1


1542379350; 0


1542379350; 1


1542379350; 0


1542379350; 1


1542379350; 0


1542379350; 1


1542379350; 0


1542379350; 1


1542379350; 0


1542379350; 1


1542379350; 0


1542379350; 1


1542379350; 0


1542379350; 1


1542379350; 0


1542379350; 1


1542379350; 0


1542379350; 1


1542379350; 0


1542379350; 1


1542379350; 0


1542379350; 1


1542379350; 0


1542379350; 1


1542379350; 0


1542379350; 1


1542379350; 0


1542379350; 1


1542379350; 0


1542379350; 1


1542379350; 0


1542379350; 1


1542379350; 0


1542379350; 1


1542379350; 0


1542379350; 1


1542379350; 0


1542379350; 1


1542379350; 0


1542379350; 1


1542379350; 0


1542379350; 1


1542379350; 0


1542379350; 1


1542379350; 0


1542379350; 1


1542379350; 0


1542379350; 1


1542379350; 0


1542379350; 1


1542379350; 0


1542379350; 1


1542379350; 0


1542379350; 1


1542379350; 0


1542379350; 1


1542379350; 0


1542379350; 1


1542379350; 0


1542379351; 1


1542379351; 0


1542379352; 1


1542379352; 0


1542379352; 1


1542379352; 0


1542379352; 1


1542379352; 0


1542379352; 1


1542379352; 0


1542379352; 1


1542379352; 0


1542379352; 1


1542379352; 0


1542379352; 1


1542379352; 0


1542379352; 1


1542379352; 0


1542379352; 1


1542379352; 0


1542379352; 1


1542379352; 0


1542379352; 1


1542379352; 0


1542379352; 1


1542379352; 0


1542379352; 1


1542379352; 0


1542379352; 1


1542379352; 0


1542379352; 1


1542379352; 0


1542379352; 1


1542379352; 0


1542379352; 1


1542379352; 0


1542379353; 1


1542379353; 0


1542379353; 1


1542379353; 0


1542379353; 1


1542379353; 0


1542379353; 1


1542379353; 0


1542379353; 1


1542379353; 0


1542379355; 1


1542379355; 0


1542379355; 1


1542379355; 0


1542379355; 1


1542379355; 0


1542379355; 1


1542379355; 0


1542379355; 1


1542379355; 0


1542379355; 1


1542379355; 0


1542379355; 1


1542379355; 0


1542379355; 1


1542379355; 0


1542379356; 1


1542379356; 0


1542379356; 1


1542379356; 0


1542379356; 1


1542379356; 0


1542379356; 1


1542379356; 0


1542379356; 1


1542379356; 0


1542379356; 1


1542379356; 0


1542379356; 1


1542379356; 0


1542379356; 1


1542379356; 0


1542379356; 1


1542379356; 0


1542379356; 1


1542379356; 0


1542379356; 1


1542379356; 0


1542379356; 1


1542379356; 0


1542379356; 1


1542379356; 0


1542379356; 1


1542379356; 0


1542379356; 1


1542379356; 0


1542379356; 1


1542379356; 0


1542379356; 1


1542379356; 0


1542379356; 1


1542379356; 0


1542379356; 1


1542379356; 0


1542379356; 1


1542379356; 0


1542379356; 1


1542379356; 0


1542379356; 1


1542379356; 0


1542379356; 1


1542379356; 0


1542379356; 1


1542379356; 0


1542379356; 1


1542379356; 0


1542379356; 1


1542379356; 0


1542379356; 1


1542379356; 0


1542379356; 1


1542379356; 0


1542379356; 1


1542379356; 0


1542379356; 1


1542379356; 0


1542379356; 1


1542379356; 0


1542379356; 1


1542379356; 0


1542379356; 1


1542379356; 0


1542379356; 1


1542379356; 0


1542379356; 1


1542379356; 0


1542379356; 1


1542379356; 0


1542379356; 1


1542379356; 0


1542379356; 1


1542379356; 0


1542379356; 1


1542379356; 0


1542379356; 1


1542379356; 0


1542379356; 1


1542379356; 0


1542379356; 1


1542379356; 0


1542379356; 1


1542379356; 0


1542379356; 1


1542379356; 0


1542379356; 1


1542379356; 0


1542379356; 1


1542379356; 0


1542379356; 1


1542379356; 0


1542379356; 1


1542379356; 0


1542379356; 1


1542379356; 0


1542379356; 1


1542379356; 0


1542379356; 1


1542379356; 0


1542379356; 1


1542379356; 0


1542379356; 1


1542379356; 0


1542379356; 1


1542379356; 0


1542379356; 1


1542379356; 0


1542379356; 1


1542379356; 0


1542379356; 1


1542379356; 0


1542379356; 1


1542379356; 0


1542379356; 1


1542379356; 0


1542379356; 1


1542379356; 0


1542379356; 1


1542379356; 0


1542379356; 1


1542379356; 0


1542379356; 1


1542379356; 0


1542379356; 1


1542379358; 0


1542379358; 1


1542379358; 0


1542379358; 1


1542379358; 0


1542379358; 1


1542379358; 0


1542379358; 1


1542379358; 0


1542379358; 1


1542379358; 0


1542379358; 1


1542379358; 0


1542379358; 1


1542379358; 0


1542379358; 1


1542379358; 0


1542379358; 1


1542379358; 0


1542379358; 1


1542379358; 0


1542379358; 1


1542379358; 0


1542379358; 1


1542379358; 0


1542379358; 1


1542379358; 0


1542379358; 1


1542379358; 0


1542379358; 1


1542379358; 0


1542379358; 1


1542379358; 0


1542379358; 1


1542379358; 0


1542379358; 1


1542379358; 0


1542379358; 1


1542379358; 0


1542379358; 1


1542379358; 0


1542379358; 1


1542379358; 0


1542379358; 1


1542379358; 0


1542379358; 1


1542379358; 0


1542379358; 1


1542379358; 0


1542379358; 1


1542379358; 0


1542379358; 1


1542379358; 0


1542379358; 1


1542379358; 0


1542379358; 1


1542379358; 0


1542379358; 1


1542379358; 0


1542379358; 1


1542379358; 0


1542379358; 1


1542379358; 0


1542379358; 1


1542379358; 0


1542379358; 1


1542379358; 0


1542379358; 1


1542379358; 0


1542379358; 1


1542379358; 0


1542379358; 1


1542379358; 0


1542379358; 1


1542379358; 0


1542379358; 1


1542379358; 0


1542379358; 1


1542379358; 0


1542379358; 1


1542379358; 0


1542379358; 1


1542379358; 0


1542379358; 1


1542379358; 0


1542379358; 1


1542379358; 0


1542379358; 1


1542379358; 0


1542379358; 1


1542379358; 0


1542379358; 1


1542379358; 0


1542379359; 1


1542379359; 0


1542379359; 1


1542379359; 0


1542379359; 1


1542379359; 0


1542379359; 1


1542379359; 0


1542379359; 1


1542379359; 0


1542379359; 1


1542379359; 0


1542379359; 1


1542379359; 0


1542379359; 1


1542379359; 0


1542379359; 1


1542379359; 0


1542379359; 1


1542379359; 0


1542379359; 1


1542379359; 0


1542379359; 1


1542379359; 0


1542379359; 1


1542379359; 0


1542379359; 1


1542379359; 0


1542379359; 1


1542379359; 0


1542379359; 1


1542379359; 0


1542379359; 1


1542379359; 0


1542379359; 1


1542379359; 0


1542379359; 1


1542379359; 0


1542379359; 1


1542379359; 0


1542379359; 1


1542379359; 0


1542379359; 1


1542379359; 0


1542379359; 1


1542379359; 0


1542379359; 1


1542379359; 0


1542379359; 1


1542379359; 0


1542379359; 1


1542379359; 0


1542379359; 1


1542379359; 0


1542379359; 1


1542379359; 0


1542379359; 1


1542379359; 0


1542379359; 1


1542379359; 0


1542379359; 1


1542379359; 0


1542379359; 1


1542379359; 0


1542379359; 1


1542379359; 0


1542379359; 1


1542379359; 0


1542379359; 1


1542379359; 0


1542379359; 1


1542379359; 0


1542379359; 1


1542379359; 0


1542379359; 1


1542379359; 0


1542379359; 1


1542379359; 0


1542379359; 1


1542379359; 0


1542379359; 1


1542379359; 0


1542379359; 1


1542379359; 0


1542379359; 1


1542379359; 0


1542379359; 1


1542379359; 0


1542379359; 1


1542379359; 0


1542379359; 1


1542379359; 0


1542379359; 1


1542379359; 0


1542379359; 1


1542379359; 0


1542379359; 1


1542379359; 0


1542379359; 1


1542379359; 0


1542379359; 1


1542379359; 0


1542379359; 1


1542379359; 0


1542379359; 1


1542379359; 0


1542379359; 1


1542379359; 0


1542379359; 1


1542379359; 0


1542379359; 1


1542379359; 0


1542379359; 1


1542379359; 0


1542379359; 1


1542379359; 0


1542379359; 1


1542379359; 0


1542379359; 1


1542379359; 0


1542379359; 1


1542379359; 0


1542379359; 1


1542379359; 0


1542379359; 1


1542379359; 0


1542379359; 1


1542379359; 0


1542379359; 1


1542379359; 0


1542379359; 1


1542379359; 0


1542379359; 1


1542379359; 0


1542379359; 1


1542379359; 0


1542379359; 1


1542379359; 0


1542379359; 1


1542379359; 0


1542379359; 1


1542379359; 0


1542379359; 1


1542379359; 0


1542379359; 1


1542379359; 0


1542379359; 1


1542379359; 0


1542379359; 1


1542379359; 0


1542379359; 1


1542379359; 0


1542379359; 1


1542379359; 0


1542379359; 1


1542379359; 0


1542379359; 1


1542379359; 0


1542379359; 1


1542379359; 0


1542379359; 1


1542379359; 0


1542379359; 1


1542379359; 0


1542379359; 1


1542379359; 0


1542379359; 1


1542379359; 0


1542379359; 1


1542379359; 0


1542379359; 1


1542379359; 0


1542379359; 1


1542379359; 0


1542379359; 1


1542379359; 0


1542379359; 1


1542379359; 0


1542379359; 1


1542379359; 0


1542379359; 1


1542379359; 0


1542379359; 1


1542379359; 0


1542379359; 1


1542379359; 0


1542379359; 1


1542379359; 0


1542379359; 1


1542379359; 0


1542379359; 1


1542379359; 0


1542379359; 1


1542379359; 0


1542379359; 1


1542379359; 0


1542379359; 1


1542379359; 0


1542379359; 1


1542379359; 0


1542379359; 1


1542379359; 0


1542379359; 1


1542379359; 0


1542379359; 1


1542379359; 0


1542379359; 1


1542379359; 0


1542379359; 1


1542379359; 0


1542379359; 1


1542379359; 0


1542379359; 1


1542379359; 0


1542379359; 1


1542379359; 0


1542379359; 1


1542379359; 0


1542379359; 1


1542379359; 0


1542379359; 1


1542379359; 0


1542379359; 1


1542379359; 0


1542379359; 1


1542379359; 0


1542379359; 1


1542379359; 0


1542379359; 1


1542379359; 0


1542379359; 1


1542379359; 0


1542379359; 1


1542379359; 0


1542379360; 1


1542379360; 0


1542379360; 1


1542379360; 0


1542379360; 1


1542379360; 0


1542379360; 1


1542379360; 0


1542379360; 1


1542379360; 0


1542379360; 1


1542379360; 0


1542379360; 1


1542379360; 0


1542379360; 1


1542379360; 0


1542379360; 1


1542379360; 0


1542379360; 1


1542379360; 0


1542379360; 1


1542379360; 0


1542379360; 1


1542379360; 0


1542379360; 1


1542379360; 0


1542379360; 1


1542379360; 0


1542379360; 1


1542379360; 0


1542379360; 1


1542379360; 0


1542379360; 1


1542379360; 0


1542379360; 1


1542379360; 0


1542379360; 1


1542379360; 0


1542379360; 1


1542379360; 0


1542379360; 1


1542379360; 0


1542379360; 1


1542379360; 0


1542379360; 1


1542379360; 0


1542379360; 1


1542379360; 0


1542379360; 1


1542379360; 0


1542379360; 1


1542379360; 0


1542379360; 1


1542379360; 0


1542379360; 1


1542379360; 0


1542379360; 1


1542379360; 0


1542379360; 1


1542379360; 0


1542379360; 1


1542379360; 0


1542379360; 1


1542379360; 0


1542379360; 1


1542379360; 0


1542379360; 1


1542379360; 0


1542379360; 1


1542379360; 0


1542379360; 1


1542379360; 0


1542379360; 1


1542379360; 0


1542379360; 1


1542379360; 0


1542379360; 1


1542379360; 0


1542379360; 1


1542379360; 0


1542379360; 1


1542379360; 0


1542379360; 1


1542379360; 0


1542379360; 1


1542379360; 0


1542379360; 1


1542379360; 0


1542379360; 1


1542379360; 0


1542379360; 1


1542379360; 0


1542379360; 1


1542379360; 0


1542379360; 1


1542379360; 0


1542379360; 1


1542379360; 0


1542379360; 1


1542379360; 0


1542379360; 1


1542379360; 0


1542379360; 1


1542379360; 0


1542379360; 1


1542379360; 0


1542379360; 1


1542379360; 0


1542379360; 1


1542379360; 0


1542379360; 1


1542379360; 0


1542379360; 1


1542379360; 0


1542379360; 1


1542379360; 0


1542379360; 1


1542379360; 0


1542379360; 1


1542379360; 0


1542379360; 1


1542379360; 0


1542379360; 1


1542379360; 0


1542379360; 1


1542379360; 0


1542379360; 1


1542379360; 0


1542379360; 1


1542379360; 0


1542379360; 1


1542379360; 0


1542379361; 1


1542379361; 0


1542379361; 1


1542379361; 0


1542379361; 1


1542379361; 0


1542379361; 1


1542379361; 0


1542379361; 1


1542379361; 0


1542379361; 1


1542379361; 0


1542379361; 1


1542379361; 0


1542379361; 1


1542379361; 0


1542379361; 1


1542379361; 0


1542379361; 1


1542379361; 0


1542379361; 1


1542379361; 0


1542379361; 1


1542379361; 0


1542379361; 1


1542379361; 0


1542379361; 1


1542379361; 0


1542379361; 1


1542379361; 0


1542379361; 1


1542379361; 0


1542379361; 1


1542379361; 0


1542379361; 1


1542379361; 0


1542379364; 1


1542379364; 0


1542379364; 1


1542379364; 0


1542379364; 1


1542379364; 0


1542379364; 1


1542379364; 0


1542379364; 1


1542379364; 0


1542379364; 1


1542379364; 0


1542379364; 1


1542379364; 0


1542379364; 1


1542379364; 0


1542379364; 1


1542379364; 0


1542379364; 1


1542379364; 0


1542379364; 1


1542379364; 0


1542379364; 1


1542379364; 0


1542379364; 1


1542379364; 0


1542379364; 1


1542379364; 0


1542379364; 1


1542379364; 0


1542379364; 1


1542379364; 0


1542379364; 1


1542379364; 0


1542379364; 1


1542379364; 0


1542379364; 1


1542379364; 0


1542379364; 1


1542379364; 0


1542379364; 1


1542379364; 0


1542379364; 1


1542379364; 0


1542379364; 1


1542379364; 0


1542379364; 1


1542379364; 0


1542379364; 1


1542379364; 0


1542379364; 1


1542379364; 0


1542379364; 1


1542379364; 0


1542379364; 1


1542379364; 0


1542379364; 1


1542379364; 0


1542379364; 1


1542379364; 0


1542379364; 1


1542379364; 0


1542379364; 1


1542379364; 0


1542379364; 1


1542379365; 0


1542379365; 1


1542379365; 0


1542379365; 1


1542379365; 0


1542379365; 1


1542379365; 0


1542379365; 1


1542379365; 0


1542379365; 1


1542379365; 0


1542379365; 1


1542379365; 0


1542379365; 1


1542379365; 0


1542379365; 1


1542379365; 0


1542379365; 1


1542379365; 0


1542379365; 1


1542379365; 0


1542379365; 1


1542379365; 0


1542379365; 1


1542379365; 0


1542379365; 1


1542379365; 0


1542379365; 1


1542379365; 0


1542379365; 1


1542379365; 0


1542379365; 1


1542379365; 0


1542379365; 1


1542379365; 0


1542379365; 1


1542379365; 0


1542379365; 1


1542379365; 0


1542379365; 1


1542379365; 0


1542379365; 1


1542379365; 0


1542379365; 1


1542379365; 0


1542379365; 1


1542379365; 0


1542379365; 1


1542379365; 0


1542379365; 1


1542379365; 0


1542379365; 1


1542379365; 0


1542379365; 1


1542379365; 0


1542379365; 1


1542379365; 0


1542379365; 1


1542379365; 0


1542379365; 1


1542379365; 0


1542379365; 1


1542379365; 0


1542379365; 1


1542379365; 0


1542379365; 1


1542379365; 0


1542379365; 1


1542379365; 0


1542379365; 1


1542379365; 0


1542379365; 1


1542379365; 0


1542379366; 1


1542379366; 0


1542379366; 1


1542379366; 0


1542379366; 1


1542379366; 0


1542379366; 1


1542379366; 0


1542379368; 1


1542379368; 0


1542379368; 1


1542379368; 0


1542379368; 1


1542379368; 0


1542379368; 1


1542379368; 0


1542379368; 1


1542379368; 0


1542379368; 1


1542379368; 0


1542379368; 1


1542379368; 0


1542379368; 1


1542379368; 0


1542379368; 1


1542379368; 0


1542379368; 1


1542379368; 0


1542379368; 1


1542379368; 0


1542379368; 1


1542379368; 0


1542379368; 1


1542379368; 0


1542379368; 1


1542379368; 0


1542379368; 1


1542379503; 1


1542379504; 0


1542379504; 1


1542379504; 0


1542379504; 1


1542379504; 0


1542379504; 1


1542379504; 0


1542379504; 1


1542379504; 0


1542379504; 1


1542379504; 0


1542379504; 1


1542379504; 0


1542379504; 1


1542379504; 0


1542379504; 1


1542379505; 0


1542379505; 1


1542379505; 0


1542379506; 1


1542379506; 0


1542379506; 1


1542379506; 0


1542379506; 1


1542379506; 0


1542379506; 1


1542379506; 0


1542379506; 1


1542379506; 0


1542379508; 1


1542379590; 1


1542379593; 0


1542379593; 1


1542379593; 0


1542379593; 1


1542379593; 0


1542379593; 1


1542379593; 0


1542379595; 1


1542379595; 0


1542379595; 1


1542379595; 0


1542379596; 1


1542379597; 0


1542379597; 1


1542379597; 0


1542379597; 1


1542379597; 0


1542379597; 1


1542379597; 0


1542379597; 1


1542379597; 0


1542379598; 1


1542379599; 0


1542379599; 1


1542379599; 0


1542379599; 1


1542379599; 0


1542379599; 1


1542379599; 0


1542379599; 1


1542379599; 0


1542379599; 1


1542379599; 0


1542379599; 1


1542379599; 0


1542379599; 1


1542379599; 0


1542379599; 1


1542379599; 0


1542379599; 1


1542379607; 0


1542379609; 1


1542379609; 0


1542379609; 1


1542379609; 0


1542379609; 1


1542379609; 0


1542379609; 1


1542379609; 0


1542379609; 1


1542379609; 0


1542379609; 1


1542379609; 0


1542379609; 1


1542379609; 0


1542379609; 1


1542379609; 0


1542379609; 1


1542379609; 0


1542379609; 1


1542379609; 0


1542379609; 1


1542379610; 0


1542379610; 1


1542379610; 0


1542379610; 1


1542379610; 0


1542379610; 1


1542379610; 0


1542379610; 1


1542379610; 0


1542379610; 1


1542379610; 0


1542379610; 1


1542379610; 0


1542379610; 1


1542379610; 0


1542379610; 1


1542379610; 0


1542379610; 1


1542379610; 0


1542379610; 1


1542379610; 0


1542379610; 1


1542379610; 0


1542379610; 1


1542379610; 0


1542379610; 1


1542379610; 0


1542379610; 1


1542379610; 0


1542379610; 1


1542379610; 0


1542379610; 1


1542379610; 0


1542379610; 1


1542379610; 0


1542379610; 1


1542379610; 0


1542379610; 1


1542379610; 0


1542379610; 1


1542379610; 0


1542379610; 1


1542379610; 0


1542379610; 1


1542379610; 0


1542379610; 1


1542379610; 0


1542379610; 1


1542379610; 0


1542379610; 1


1542379610; 0


1542379610; 1


1542379610; 0


1542379610; 1


1542379610; 0


1542379610; 1


1542379610; 0


1542379610; 1


1542379610; 0


1542379610; 1


1542379610; 0


1542379610; 1


1542379610; 0


1542379610; 1


1542379610; 0


1542379610; 1


1542379610; 0


1542379610; 1


1542379610; 0


1542379610; 1


1542379610; 0


1542379610; 1


1542379610; 0


1542379610; 1


1542379610; 0


1542379610; 1


1542379610; 0


1542379610; 1


1542379610; 0


1542379610; 1


1542379610; 0


1542379610; 1


1542379754; 1


1542379764; 0


1542379765; 1


1542379765; 0


1542379765; 1


1542379765; 0


1542379765; 1


1542379765; 0


1542379765; 1


1542379765; 0


1542379765; 1


1542379767; 0


1542379769; 1


1542379769; 0


1542379769; 1


1542379769; 0


1542379769; 1


1542379770; 0


1542379770; 1


1542379770; 0


1542379770; 1


1542379770; 0


1542379770; 1


1542379770; 0


1542379770; 1


1542379770; 0


1542379770; 1


1542379770; 0


1542379770; 1


1542379770; 0


1542379770; 1


1542379770; 0


1542379770; 1


1542379770; 0


1542379770; 1


1542379770; 0


1542379770; 1


1542379770; 0


1542379770; 1


1542379770; 0


1542379770; 1


1542379770; 0


1542379770; 1


1542379770; 0


1542379770; 1


1542379770; 0


1542379770; 1


1542379770; 0


1542379770; 1


1542379770; 0


1542379770; 1


1542379770; 0


1542379770; 1


1542379770; 0


1542379770; 1


1542379770; 0


1542379770; 1


1542379770; 0


1542379770; 1


1542379770; 0


1542379770; 1


1542379770; 0


1542379770; 1


1542379770; 0


1542379770; 1


1542379770; 0


1542379770; 1


1542379770; 0


1542379770; 1


1542379770; 0


1542379770; 1


1542379770; 0


1542379770; 1


1542379770; 0


1542379770; 1


1542379770; 0


1542379770; 1


1542379770; 0


1542379770; 1


1542379770; 0


1542379770; 1


1542379770; 0


1542379770; 1


1542379770; 0


1542379770; 1


1542379770; 0


1542379770; 1


1542379770; 0


1542379770; 1


1542379770; 0


1542379770; 1


1542379770; 0


1542379770; 1


1542379770; 0


1542379770; 1


1542379770; 0


1542379770; 1


1542379770; 0


1542379770; 1


1542379770; 0


1542379770; 1


1542379770; 0


1542379770; 1


1542379770; 0


1542379770; 1


1542379770; 0


1542379770; 1


1542379770; 0


1542379770; 1


1542379770; 0


1542379770; 1


1542379770; 0


1542379770; 1


1542379770; 0


1542379770; 1


1542379770; 0


1542379770; 1


1542379770; 0


1542379770; 1


1542379770; 0


1542379770; 1


1542379770; 0


1542379770; 1


1542379770; 0


1542379770; 1


1542379770; 0


1542379770; 1


1542379770; 0


1542379770; 1


1542379770; 0


1542379770; 1


1542379770; 0


1542379770; 1


1542379770; 0


1542379770; 1


1542379770; 0


1542379770; 1


1542379770; 0


1542379770; 1


1542379771; 0


1542379771; 1


1542379771; 0


1542379771; 1


1542379771; 0


1542379771; 1


1542379771; 0


1542379771; 1


1542379771; 0


1542379771; 1


1542379771; 0


1542379771; 1


1542379771; 0


1542379771; 1


1542379771; 0


1542379771; 1


1542379771; 0


1542379771; 1


1542379771; 0


1542379771; 1


1542379771; 0


1542379771; 1


1542379771; 0


1542379771; 1


1542379771; 0


1542379771; 1


1542379771; 0


1542379771; 1


1542379771; 0


1542379771; 1


1542379771; 0


1542379771; 1


1542379771; 0


1542379772; 1


1542379772; 0


1542379772; 1


1542379772; 0


1542379772; 1


1542379772; 0


1542379772; 1


1542379772; 0


1542379772; 1


1542379772; 0


1542379772; 1


1542379772; 0


1542379772; 1


1542379772; 0


1542379772; 1


1542379772; 0


1542379772; 1


1542379772; 0


1542379772; 1


1542379772; 0


1542379772; 1


1542379772; 0


1542379772; 1


1542379772; 0


1542379772; 1


1542379772; 0


1542379772; 1


1542379772; 0


1542379772; 1


1542379772; 0


1542379772; 1


1542379772; 0


1542379772; 1


1542379772; 0


1542379772; 1


1542379772; 0


1542379772; 1


1542379772; 0


1542379772; 1


1542379772; 0


1542379772; 1


1542379772; 0


1542379772; 1


1542379772; 0


1542379772; 1


1542379772; 0


1542379772; 1


1542379772; 0


1542379772; 1


1542379772; 0


1542379772; 1


1542379772; 0


1542379772; 1


1542379772; 0


1542379772; 1


1542379772; 0


1542379772; 1


1542379772; 0


1542379772; 1


1542379775; 0


1542379775; 1


1542379775; 0


1542379775; 1


1542379775; 0


1542379775; 1


1542379776; 0


1542379776; 1


1542379778; 0


1542379778; 1


1542379836; 1


1542379871; 0


1542379871; 1


1542379871; 0


1542379871; 1


1542379871; 0


1542379871; 1


1542379871; 0


1542379871; 1


1542379871; 0


1542379871; 1


1542379871; 0


1542379871; 1


1542379871; 0


1542379871; 1


1542379871; 0


1542379871; 1


1542379871; 0


1542379871; 1


1542379871; 0


1542379871; 1


1542379871; 0


1542379871; 1


1542379871; 0


1542379871; 1


1542379871; 0


1542379871; 1


1542379871; 0


1542379871; 1


1542379871; 0


1542379871; 1


1542379871; 0


1542379871; 1


1542379871; 0


1542379871; 1


1542379871; 0


1542379871; 1


1542379871; 0


1542379871; 1


1542379871; 0


1542379871; 1


1542379871; 0


1542379871; 1


1542379871; 0


1542379871; 1


1542379871; 0


1542379872; 1


1542379872; 0


1542379872; 1


1542379872; 0


1542379872; 1


1542379872; 0


1542379872; 1


1542379873; 0


1542379873; 1


1542379873; 0


1542379873; 1


1542379873; 0


1542379873; 1


1542379874; 0


1542379874; 1


1542379874; 0


1542379874; 1


1542379874; 0


1542379874; 1


1542379874; 0


1542379874; 1


1542379874; 0


1542379874; 1


1542379874; 0


1542379874; 1


1542379874; 0


1542379874; 1


1542379874; 0


1542379875; 1


1542379877; 1


1542379880; 0


1542379881; 1


1542379881; 0


1542379881; 1


1542379881; 0


1542379881; 1


1542379881; 0


1542379881; 1


1542379881; 0


1542379881; 1


1542379881; 0


1542379881; 1


1542379881; 0


1542379881; 1


1542379881; 0


1542379881; 1


1542379882; 0


1542379882; 1


1542379882; 0


1542379882; 1


1542379883; 0


1542379883; 1


1542379883; 0


1542379883; 1


1542379883; 0


1542379883; 1


1542379884; 0


1542379884; 1


1542379884; 0


1542379884; 1


1542379885; 0


1542379885; 1


1542379885; 0


1542379885; 1


1542379886; 0


1542379886; 1


1542379886; 0


1542379887; 1


1542379887; 0


1542379887; 1


1542379888; 0


1542379888; 1


1542379888; 0


1542379888; 1


1542379888; 0


1542379889; 1


1542379889; 0


1542379889; 1


1542379889; 0


1542379890; 1


1542379890; 0


1542379890; 1


1542379891; 0


1542379891; 1


1542379891; 0


1542379892; 1


1542379892; 0


1542379892; 1


1542379893; 0


1542379893; 1


1542379895; 0


1542379896; 1


1542379896; 0


1542379896; 1


1542379896; 0


1542379896; 1


1542379896; 0


1542379896; 1


1542379896; 0


1542379896; 1


1542379896; 0


1542379896; 1


1542379896; 0


1542379896; 1


1542379896; 0


1542379896; 1


1542379896; 0


1542379897; 1


1542379898; 0


1542379898; 1


1542379898; 0


1542379898; 1


1542379898; 0


1542379898; 1


1542379898; 0


1542379898; 1


1542379898; 0


1542379898; 1


1542379898; 0


1542379898; 1


1542379898; 0


1542379898; 1


1542379898; 0


1542379898; 1


1542379898; 0


1542379898; 1


1542379898; 0


1542379898; 1


1542379898; 0


1542379898; 1


1542379898; 0


1542379899; 1


1542379899; 0


1542379899; 1


1542379899; 0


1542379899; 1


1542379900; 0


1542379900; 1


1542379900; 0


1542379900; 1


1542379900; 0


1542379900; 1


1542379900; 0


1542379900; 1


1542379900; 0


1542379900; 1


1542379900; 0


1542379900; 1


1542379900; 0


1542379900; 1


1542379900; 0


1542379900; 1


1542379900; 0


1542379900; 1


1542379900; 0


1542379900; 1


1542379900; 0


1542379900; 1


1542379900; 0


1542379900; 1


1542379900; 0


1542379900; 1


1542379900; 0


1542379900; 1


1542379900; 0


1542379900; 1


1542379900; 0


1542379900; 1


1542379900; 0


1542379900; 1


1542379900; 0


1542379900; 1


1542379900; 0


1542379900; 1


1542379900; 0


1542379900; 1


1542379900; 0


1542379900; 1


1542379900; 0


1542379900; 1


1542379900; 0


1542379900; 1


1542379900; 0


1542379900; 1


1542379900; 0


1542379901; 1


1542379901; 0


1542379901; 1


1542379901; 0


1542379901; 1


1542379901; 0


1542379901; 1


1542379901; 0


1542379901; 1


1542379901; 0


1542379901; 1


1542379901; 0


1542379901; 1


1542379901; 0


1542379901; 1


1542379901; 0


1542379901; 1


1542379901; 0


1542379901; 1


1542379901; 0


1542379901; 1


1542379901; 0


1542379901; 1


1542379901; 0


1542379901; 1


1542379901; 0


1542379901; 1


1542379901; 0


1542379901; 1


1542379901; 0


1542379901; 1


1542379901; 0


1542379901; 1


1542379901; 0


1542379901; 1


1542379901; 0


1542379901; 1


1542379901; 0


1542379901; 1


1542379902; 0


1542379902; 1


1542379902; 0


1542379902; 1


1542379902; 0


1542379902; 1


1542379902; 0


1542379902; 1


1542379902; 0


1542379902; 1


1542379902; 0


1542379902; 1


1542379902; 0


1542379902; 1


1542379902; 0


1542379902; 1


1542379902; 0


1542379902; 1


1542379902; 0


1542379902; 1


1542379902; 0


1542379902; 1


1542379902; 0


1542379902; 1


1542379902; 0


1542379902; 1


1542379902; 0


1542379902; 1


1542379902; 0


1542379902; 1


1542379902; 0


1542379902; 1


1542379902; 0


1542379902; 1


1542379902; 0


1542379902; 1


1542379902; 0


1542379902; 1


1542379902; 0


1542379902; 1


1542379902; 0


1542379902; 1


1542379902; 0


1542379902; 1


1542379902; 0


1542379902; 1


1542379902; 0


1542379902; 1


1542379902; 0


1542379902; 1


1542379902; 0


1542379902; 1


1542379902; 0


1542379902; 1


1542379902; 0


1542379902; 1


1542379902; 0


1542379902; 1


1542379902; 0


1542379902; 1


1542379902; 0


1542379902; 1


1542379902; 0


1542379902; 1


1542379902; 0


1542379902; 1


1542379902; 0


1542379902; 1


1542379902; 0


1542379902; 1


1542379902; 0


1542379902; 1


1542379902; 0


1542379902; 1


1542379902; 0


1542379902; 1


1542379902; 0


1542379902; 1


1542379902; 0


1542379902; 1


1542379902; 0


1542379902; 1


1542379902; 0


1542379902; 1


1542379902; 0


1542379902; 1


1542379902; 0


1542379902; 1


1542379902; 0


1542379902; 1


1542379902; 0


1542379902; 1


1542379902; 0


1542379902; 1


1542379902; 0


1542379902; 1


1542379902; 0


1542379902; 1


1542379902; 0


1542379902; 1


1542379902; 0


1542379902; 1


1542379902; 0


1542379902; 1


1542379902; 0


1542379902; 1


1542379902; 0


1542379902; 1


1542379902; 0


1542379902; 1


1542379902; 0


1542379902; 1


1542379902; 0


1542379902; 1


1542379902; 0


1542379902; 1


1542379902; 0


1542379902; 1


1542379902; 0


1542379902; 1


1542379902; 0


1542379902; 1


1542379902; 0


1542379902; 1


1542379902; 0


1542379902; 1


1542379902; 0


1542379902; 1


1542379902; 0


1542379902; 1


1542379902; 0


1542379902; 1


1542379902; 0


1542379902; 1


1542379902; 0


1542379902; 1


1542379902; 0


1542379902; 1


1542379902; 0


1542379902; 1


1542379902; 0


1542379902; 1


1542379902; 0


1542379902; 1


1542379902; 0


1542379902; 1


1542379902; 0


1542379902; 1


1542379902; 0


1542379902; 1


1542379902; 0


1542379902; 1


1542379902; 0


1542379902; 1


1542379902; 0


1542379902; 1


1542379902; 0


1542379902; 1


1542379902; 0


1542379902; 1


1542379902; 0


1542379902; 1


1542379902; 0


1542379902; 1


1542379902; 0


1542379902; 1


1542379902; 0


1542379902; 1


1542379902; 0


1542379902; 1


1542379902; 0


1542379902; 1


1542379902; 0


1542379902; 1


1542379902; 0


1542379902; 1


1542379902; 0


1542379902; 1


1542379902; 0


1542379902; 1


1542379902; 0


1542379902; 1


1542379902; 0


1542379902; 1


1542379902; 0


1542379902; 1


1542379902; 0


1542379902; 1


1542379902; 0


1542379902; 1


1542379902; 0


1542379902; 1


1542379902; 0


1542379902; 1


1542379902; 0


1542379902; 1


1542379902; 0


1542379902; 1


1542379902; 0


1542379902; 1


1542379902; 0


1542379902; 1


1542379902; 0


1542379902; 1


1542379902; 0


1542379902; 1


1542379902; 0


1542379902; 1


1542379902; 0


1542379902; 1


1542379902; 0


1542379902; 1


1542379902; 0


1542379902; 1


1542379902; 0


1542379902; 1


1542379902; 0


1542379902; 1


1542379902; 0


1542379902; 1


1542379902; 0


1542379902; 1


1542379902; 0


1542379902; 1


1542379902; 0


1542379902; 1


1542379902; 0


1542379902; 1


1542379902; 0


1542379902; 1


1542379902; 0


1542379902; 1


1542379902; 0


1542379902; 1


1542379902; 0


1542379902; 1


1542379902; 0


1542379902; 1


1542379902; 0


1542379902; 1


1542379902; 0


1542379902; 1


1542379902; 0


1542379902; 1


1542379902; 0


1542379902; 1


1542379902; 0


1542379902; 1


1542379902; 0


1542379902; 1


1542379902; 0


1542379902; 1


1542379902; 0


1542379902; 1


1542379902; 0


1542379902; 1


1542379902; 0


1542379902; 1


1542379902; 0


1542379902; 1


1542379902; 0


1542379902; 1


1542379902; 0


1542379902; 1


1542379902; 0


1542379902; 1


1542379902; 0


1542379902; 1


1542379902; 0


1542379902; 1


1542379902; 0


1542379902; 1


1542379902; 0


1542379902; 1


1542379902; 0


1542379902; 1


1542379902; 0


1542379902; 1


1542379902; 0


1542379902; 1


1542379902; 0


1542379902; 1


1542379902; 0


1542379902; 1


1542379902; 0


1542379902; 1


1542379902; 0


1542379902; 1


1542379902; 0


1542379902; 1


1542379902; 0


1542379902; 1


1542379902; 0


1542379902; 1


1542379902; 0


1542379902; 1


1542379902; 0


1542379902; 1


1542379902; 0


1542379902; 1


1542379902; 0


1542379902; 1


1542379902; 0


1542379902; 1


1542379902; 0


1542379902; 1


1542379902; 0


1542379902; 1


1542379902; 0


1542379902; 1


1542379902; 0


1542379902; 1


1542379902; 0


1542379902; 1


1542379902; 0


1542379902; 1


1542379902; 0


1542379902; 1


1542379902; 0


1542379902; 1


1542379902; 0


1542379902; 1


1542379902; 0


1542379902; 1


1542379902; 0


1542379902; 1


1542379902; 0


1542379902; 1


1542379902; 0


1542379902; 1


1542379902; 0


1542379902; 1


1542379902; 0


1542379902; 1


1542379902; 0


1542379902; 1


1542379902; 0


1542379902; 1


1542379902; 0


1542379902; 1


1542379902; 0


1542379902; 1


1542379902; 0


1542379902; 1


1542379902; 0


1542379902; 1


1542379902; 0


1542379902; 1


1542379902; 0


1542379902; 1


1542379902; 0


1542379902; 1


1542379905; 0


1542379905; 1


1542379905; 0


1542379905; 1


1542379905; 0


1542379905; 1


1542379905; 0


1542379905; 1


1542379905; 0


1542379905; 1


1542379905; 0


1542379905; 1


1542379905; 0


1542379905; 1


1542379905; 0


1542379905; 1


1542379905; 0


1542379905; 1


1542379905; 0


1542379905; 1


1542379905; 0


1542379905; 1


1542379905; 0


1542379905; 1


1542379905; 0


1542379905; 1


1542379905; 0


1542379905; 1


1542379905; 0


1542379905; 1


1542379905; 0


1542379905; 1


1542379905; 0


1542379905; 1


1542379905; 0


1542379905; 1


1542379905; 0


1542379905; 1


1542379905; 0


1542379905; 1


1542379905; 0


1542379905; 1


1542379905; 0


1542379905; 1


1542379905; 0


1542379905; 1


1542379905; 0


1542379905; 1


1542379905; 0


1542379905; 1


1542379905; 0


1542379905; 1


1542379905; 0


1542379905; 1


1542379905; 0


1542379905; 1


1542379905; 0


1542379905; 1


1542379905; 0


1542379905; 1


1542379905; 0


1542379905; 1


1542379905; 0


1542379905; 1


1542379905; 0


1542379905; 1


1542379905; 0


1542379905; 1


1542379905; 0


1542379905; 1


1542379905; 0


1542379905; 1


1542379905; 0


1542379905; 1


1542379905; 0


1542379905; 1


1542379905; 0


1542379905; 1


1542379905; 0


1542379905; 1


1542379905; 0


1542379905; 1


1542379905; 0


1542379905; 1


1542379905; 0


1542379905; 1


1542379905; 0


1542379905; 1


1542379905; 0


1542379905; 1


1542379905; 0


1542379905; 1


1542379905; 0


1542379905; 1


1542379905; 0


1542379905; 1


1542379905; 0


1542379905; 1


1542379905; 0


1542379905; 1


1542379905; 0


1542379905; 1


1542379905; 0


1542379905; 1


1542379905; 0


1542379905; 1


1542379905; 0


1542379905; 1


1542379905; 0


1542379905; 1


1542379905; 0


1542379905; 1


1542379905; 0


1542379905; 1


1542379905; 0


1542379905; 1


1542379905; 0


1542379905; 1


1542379905; 0


1542379905; 1


1542379905; 0


1542379905; 1


1542379905; 0


1542379905; 1


1542379905; 0


1542379905; 1


1542379905; 0


1542379905; 1


1542379905; 0


1542379905; 1


1542379905; 0


1542379905; 1


1542379905; 0


1542379905; 1


1542379905; 0


1542379905; 1


1542379906; 0


1542379907; 1


1542379907; 0


1542379908; 1


1542379908; 0


1542379908; 1


1542379909; 0


1542379909; 1


1542379951; 0


1542379951; 1


1542379951; 0


1542379951; 1


1542379951; 0


1542379951; 1


1542379951; 0


1542379951; 1


1542379951; 0


1542379951; 1


1542379951; 0


1542379951; 1


1542379951; 0


1542379951; 1


1542379951; 0


1542379951; 1


1542379951; 0


1542379951; 1


1542379951; 0


1542379951; 1


1542379951; 0


1542379951; 1


1542379951; 0


1542379951; 1


1542379951; 0


1542379951; 1


1542379951; 0


1542379951; 1


1542379951; 0


1542379951; 1


1542379951; 0


1542379951; 1


1542379951; 0


1542379951; 1


1542379951; 0


1542379951; 1


1542379952; 0


1542379952; 1


1542379952; 0


1542379952; 1


1542379952; 0


1542379952; 1


1542379952; 0


1542379952; 1


1542379952; 0


1542379952; 1


1542379952; 0


1542379952; 1


1542379952; 0


1542379952; 1


1542379952; 0


1542379952; 1


1542379952; 0


1542379952; 1


1542379952; 0


1542379952; 1


1542379952; 0


1542379953; 1


1542379953; 0


1542379953; 1


1542379953; 0


1542379953; 1


1542379953; 0


1542379953; 1


1542379953; 0


1542379953; 1


1542379953; 0


1542379953; 1


1542379953; 0


1542379953; 1


1542379953; 0


1542379953; 1


1542379953; 0


1542379953; 1


1542379953; 0


1542379953; 1


1542379953; 0


1542379953; 1


1542379953; 0


1542379953; 1


1542379953; 0


1542379953; 1


1542379953; 0


1542379953; 1


1542379953; 0


1542379953; 1


1542379953; 0


1542379953; 1


1542379953; 0


1542379953; 1


1542379953; 0


1542379953; 1


1542379953; 0


1542379953; 1


1542379953; 0


1542379953; 1


1542379953; 0


1542379953; 1


1542379953; 0


1542379953; 1


1542379953; 0


1542379953; 1


1542379953; 0


1542379953; 1


1542379953; 0


1542379953; 1


1542379953; 0


1542379953; 1


1542379953; 0


1542379953; 1


1542379953; 0


1542379953; 1


1542379957; 0


1542379957; 1


1542379957; 0


1542379957; 1


1542379957; 0


1542379957; 1


1542379957; 0


1542379957; 1


1542379957; 0


1542379957; 1


1542379957; 0


1542379957; 1


1542379957; 0


1542379957; 1


1542379957; 0


1542379957; 1


1542379957; 0


1542379957; 1


1542379957; 0


1542379957; 1


1542379957; 0


1542379957; 1


1542379957; 0


1542379957; 1


1542379957; 0


1542379957; 1


1542379957; 0


1542379957; 1


1542379957; 0


1542379957; 1


1542379957; 0


1542379957; 1


1542379957; 0


1542379957; 1


1542379957; 0


1542379957; 1


1542379957; 0


1542379957; 1


1542379957; 0


1542379957; 1


1542379957; 0


1542379957; 1


1542379957; 0


1542379957; 1


1542379957; 0


1542379957; 1


1542379957; 0


1542379957; 1


1542379957; 0


1542379957; 1


1542379957; 0


1542379957; 1


1542379957; 0


1542379957; 1


1542379957; 0


1542379957; 1


1542379957; 0


1542379957; 1


1542379957; 0


1542379957; 1


1542379957; 0


1542379957; 1


1542379957; 0


1542379957; 1


1542379957; 0


1542379957; 1


1542379957; 0


1542379957; 1


1542379957; 0


1542379957; 1


1542379957; 0


1542379957; 1


1542379957; 0


1542379957; 1


1542379957; 0


1542379957; 1


1542379957; 0


1542379957; 1


1542379957; 0


1542379957; 1


1542379957; 0


1542379957; 1


1542379957; 0


1542379957; 1


1542379957; 0


1542379957; 1


1542379957; 0


1542379957; 1


1542379957; 0


1542379957; 1


1542379957; 0


1542379957; 1


1542379957; 0


1542379957; 1


1542379957; 0


1542379957; 1


1542379957; 0


1542379957; 1


1542379957; 0


1542379957; 1


1542379957; 0


1542379957; 1


1542379957; 0


1542379957; 1


1542379957; 0


1542379957; 1


1542379957; 0


1542379957; 1


1542379957; 0


1542379957; 1


1542379957; 0


1542379957; 1


1542379957; 0


1542379957; 1


1542379957; 0


1542379957; 1


1542379957; 0


1542379957; 1


1542379957; 0


1542379957; 1


1542379957; 0


1542379957; 1


1542379957; 0


1542379957; 1


1542379957; 0


1542379957; 1


1542379957; 0


1542379957; 1


1542379957; 0


1542379957; 1


1542379957; 0


1542379957; 1


1542379957; 0


1542379957; 1


1542379957; 0


1542379957; 1


1542379957; 0


1542379957; 1


1542379957; 0


1542379957; 1


1542379957; 0


1542379957; 1


1542379957; 0


1542379957; 1


1542379957; 0


1542379957; 1


1542379957; 0


1542379957; 1


1542379957; 0


1542379957; 1


1542379957; 0


1542379957; 1


1542379957; 0


1542379957; 1


1542379957; 0


1542379957; 1


1542379957; 0


1542379957; 1


1542379957; 0


1542379957; 1


1542379957; 0


1542379957; 1


1542379957; 0


1542379957; 1


1542379957; 0


1542379957; 1


1542379957; 0


1542379957; 1


1542379957; 0


1542379957; 1


1542379957; 0


1542379957; 1


1542379957; 0


1542379957; 1


1542379957; 0


1542379957; 1


1542379957; 0


1542379957; 1


1542379957; 0


1542379957; 1


1542379957; 0


1542379957; 1


1542379957; 0


1542379957; 1


1542379957; 0


1542379957; 1


1542379957; 0


1542379957; 1


1542379957; 0


1542379957; 1


1542379957; 0


1542379957; 1


1542379957; 0


1542379957; 1


1542379957; 0


1542379957; 1


1542379957; 0


1542379957; 1


1542379957; 0


1542379957; 1


1542379957; 0


1542379957; 1


1542379957; 0


1542379957; 1


1542379957; 0


1542379957; 1


1542379957; 0


1542379957; 1


1542379957; 0


1542379957; 1


1542379957; 0


1542379957; 1


1542379957; 0


1542379957; 1


1542379957; 0


1542379957; 1


1542379957; 0


1542379957; 1


1542379957; 0


1542379957; 1


1542379957; 0


1542379957; 1


1542379957; 0


1542379957; 1


1542379957; 0


1542379957; 1


1542379957; 0


1542379957; 1


1542379957; 0


1542379957; 1


1542379957; 0


1542379957; 1


1542379957; 0


1542379957; 1


1542379960; 0


1542379960; 1


1542379960; 0


1542379960; 1


1542379960; 0


1542379960; 1


1542379960; 0


1542379960; 1


1542379960; 0


1542379960; 1


1542379960; 0


1542379960; 1


1542379960; 0


1542379960; 1


1542379960; 0


1542379960; 1


1542379960; 0


1542379960; 1


1542379960; 0


1542379960; 1


1542379960; 0


1542379960; 1


1542379960; 0


1542379960; 1


1542379960; 0


1542379961; 1


1542379961; 0


1542379961; 1


1542379961; 0


1542379961; 1


1542379961; 0


1542379961; 1


1542379962; 0


1542379962; 1


1542379963; 0


1542379963; 1


1542379963; 0


1542379964; 1


1542379964; 0


1542379964; 1


1542379964; 0


1542379965; 1


1542379965; 0


1542379966; 1


1542379966; 0


1542379966; 1


1542379967; 0


1542379967; 1


1542379967; 0


1542379967; 1


1542379967; 0


1542379967; 1


1542379967; 0


1542379967; 1


1542379967; 0


1542379967; 1


1542379967; 0


1542379967; 1


1542379967; 0


1542379967; 1


1542379967; 0


1542379967; 1


1542379967; 0


1542379967; 1


1542379967; 0


1542379967; 1


1542379967; 0


1542379967; 1


1542379967; 0


1542379967; 1


1542379967; 0


1542379967; 1


1542379967; 0


1542379967; 1


1542379967; 0


1542379967; 1


1542379967; 0


1542379967; 1


1542379967; 0


1542379967; 1


1542379967; 0


1542379967; 1


1542379967; 0


1542379967; 1


1542379967; 0


1542379967; 1


1542379967; 0


1542379967; 1


1542379967; 0


1542379967; 1


1542379967; 0


1542379967; 1


1542379967; 0


1542379967; 1


1542379967; 0


1542379967; 1


1542379967; 0


1542379967; 1


1542379967; 0


1542379967; 1


1542379967; 0


1542379967; 1


1542379967; 0


1542379967; 1


1542379967; 0


1542379967; 1


1542379967; 0


1542379967; 1


1542379967; 0


1542379967; 1


1542379967; 0


1542379967; 1


1542379967; 0


1542379967; 1


1542379967; 0


1542379967; 1


1542379967; 0


1542379967; 1


1542379967; 0


1542379967; 1


1542379967; 0


1542379967; 1


1542379967; 0


1542379967; 1


1542379968; 0


1542379968; 1


1542379969; 0


1542379969; 1


1542379969; 0


1542379969; 1


1542379969; 0


1542379969; 1


1542379969; 0


1542379970; 1


1542379970; 0


1542379970; 1


1542379970; 0


1542379970; 1


1542379970; 0


1542379970; 1


1542379970; 0


1542379971; 1


1542379971; 0


1542379971; 1


1542379971; 0


1542379971; 1


1542379971; 0


1542379971; 1


1542379971; 0


1542379971; 1


1542379971; 0


1542379971; 1


1542379971; 0


1542379971; 1


1542379971; 0


1542379971; 1


1542379971; 0


1542379971; 1


1542379971; 0


1542379971; 1


1542379971; 0


1542379971; 1


1542379971; 0


1542379971; 1


1542379971; 0


1542379971; 1


1542379971; 0


1542379971; 1


1542379971; 0


1542379971; 1


1542379971; 0


1542379971; 1


1542379971; 0


1542379971; 1


1542379971; 0


1542379971; 1


1542379971; 0


1542379971; 1


1542379971; 0


1542379971; 1


1542379971; 0


1542379971; 1


1542379971; 0


1542379971; 1


1542379971; 0


1542379971; 1


1542380023; 0


1542380023; 1


1542380023; 0


1542380023; 1


1542380023; 0


1542380023; 1


1542380023; 0


1542380023; 1


1542380023; 0


1542380023; 1


1542380023; 0


1542380023; 1


1542380023; 0


1542380023; 1


1542380023; 0


1542380023; 1


1542380023; 0


1542380023; 1


1542380023; 0


1542380023; 1


1542380023; 0


1542380023; 1


1542380023; 0


1542380023; 1


1542380023; 0


1542380023; 1


1542380023; 0


1542380023; 1


1542380023; 0


1542380023; 1


1542380023; 0


1542380023; 1


1542380023; 0


1542380023; 1


1542380023; 0


1542380023; 1


1542380023; 0


1542380023; 1


1542380023; 0


1542380023; 1


1542380023; 0


1542380023; 1


1542380023; 0


1542380023; 1


1542380023; 0


1542380023; 1


1542380023; 0


1542380023; 1


1542380023; 0


1542380023; 1


1542380023; 0


1542380023; 1


1542380023; 0


1542380023; 1


1542380023; 0


1542380023; 1


1542380023; 0


1542380024; 1


1542380024; 0


1542380024; 1


1542380024; 0


1542380024; 1


1542380024; 0


1542380024; 1


1542380024; 0


1542380024; 1


1542380024; 0


1542380024; 1


1542380024; 0


1542380024; 1


1542380024; 0


1542380024; 1


1542380024; 0


1542380024; 1


1542380024; 0


1542380024; 1


1542380024; 0


1542380024; 1


1542380024; 0


1542380024; 1


1542380024; 0


1542380024; 1


1542380024; 0


1542380024; 1


1542380024; 0


1542380024; 1


1542380024; 0


1542380024; 1


1542380024; 0


1542380024; 1


1542380024; 0


1542380024; 1


1542380024; 0


1542380024; 1


1542380024; 0


1542380024; 1


1542380024; 0


1542380024; 1


1542380024; 0


1542380024; 1


1542380024; 0


1542380024; 1


1542380024; 0


1542380024; 1


1542380024; 0


1542380024; 1


1542380024; 0


1542380024; 1


1542380024; 0


1542380024; 1


1542380024; 0


1542380024; 1


1542380024; 0


1542380024; 1


1542380024; 0


1542380024; 1


1542380024; 0


1542380024; 1


1542380024; 0


1542380024; 1


1542380024; 0


1542380024; 1


1542380024; 0


1542380024; 1


1542380024; 0


1542380024; 1


1542380024; 0


1542380024; 1


1542380024; 0


1542380024; 1


1542380024; 0


1542380024; 1


1542380024; 0


1542380024; 1


1542380024; 0


1542380024; 1


1542380024; 0


1542380024; 1


1542380024; 0


1542380024; 1


1542380024; 0


1542380024; 1


1542380024; 0


1542380024; 1


1542380024; 0


1542380024; 1


1542380024; 0


1542380024; 1


1542380024; 0


1542380024; 1


1542380024; 0


1542380024; 1


1542380024; 0


1542380024; 1


1542380024; 0


1542380024; 1


1542380024; 0


1542380024; 1


1542380024; 0


1542380024; 1


1542380024; 0


1542380024; 1


1542380024; 0


1542380024; 1


1542380024; 0


1542380024; 1


1542380024; 0


1542380024; 1


1542380024; 0


1542380024; 1


1542380024; 0


1542380024; 1


1542380024; 0


1542380024; 1


1542380024; 0


1542380024; 1


1542380024; 0


1542380024; 1


1542380024; 0


1542380024; 1


1542380024; 0


1542380024; 1


1542380024; 0


1542380024; 1


1542380024; 0


1542380024; 1


1542380024; 0


1542380024; 1


1542380024; 0


1542380024; 1


1542380024; 0


1542380024; 1


1542380024; 0


1542380024; 1


1542380024; 0


1542380024; 1


1542380025; 0


1542380025; 1


1542380025; 0


1542380025; 1


1542380025; 0


1542380025; 1


1542380025; 0


1542380025; 1


1542380025; 0


1542380025; 1


1542380025; 0


1542380025; 1


1542380025; 0


1542380025; 1


1542380026; 0


1542380026; 1


1542380026; 0


1542380026; 1


1542380026; 0


1542380026; 1


1542380026; 0


1542380026; 1


1542380026; 0


1542380026; 1


1542380026; 0


1542380026; 1


1542380026; 0


1542380026; 1


1542380026; 0


1542380026; 1


1542380026; 0


1542380026; 1


1542380026; 0


1542380026; 1


1542380026; 0


1542380026; 1


1542380026; 0


1542380026; 1


1542380026; 0


1542380026; 1


1542380026; 0


1542380026; 1


1542380026; 0


1542380026; 1


1542380026; 0


1542380026; 1


1542380026; 0


1542380026; 1


1542380026; 0


1542380026; 1


1542380026; 0


1542380026; 1


1542380027; 0


1542380027; 1


1542380027; 0


1542380027; 1


1542380027; 0


1542380027; 1


1542380028; 0


1542380028; 1


1542380029; 0


1542380029; 1


1542380029; 0


1542380029; 1


1542380029; 0


1542380029; 1


1542380029; 0


1542380029; 1


1542380029; 0


1542380029; 1


1542380029; 0


1542380029; 1


1542380029; 0


1542380029; 1


1542380029; 0


1542380029; 1


1542380029; 0


1542380029; 1


1542380029; 0


1542380029; 1


1542380029; 0


1542380029; 1


1542380029; 0


1542380029; 1


1542380029; 0


1542380029; 1


1542380029; 0


1542380029; 1


1542380029; 0


1542380029; 1


1542380029; 0


1542380029; 1


1542380029; 0


1542380029; 1


1542380029; 0


1542380029; 1


1542380029; 0


1542380029; 1


1542380029; 0


1542380029; 1


1542380029; 0


1542380029; 1


1542380029; 0


1542380029; 1


1542380029; 0


1542380029; 1


1542380029; 0


1542380029; 1


1542380029; 0


1542380029; 1


1542380029; 0


1542380029; 1


1542380029; 0


1542380029; 1


1542380029; 0


1542380029; 1


1542380029; 0


1542380029; 1


1542380030; 0


1542380030; 1


1542380032; 0


1542380032; 1


1542380032; 0


1542380032; 1


1542380032; 0


1542380032; 1


1542380032; 0


1542380032; 1


1542380032; 0


1542380032; 1


1542380032; 0


1542380032; 1


1542380032; 0


1542380032; 1


1542380032; 0


1542380032; 1


1542380032; 0


1542380032; 1


1542380032; 0


1542380032; 1


1542380032; 0


1542380032; 1


1542380032; 0


1542380032; 1


1542380032; 0


1542380032; 1


1542380032; 0


1542380032; 1


1542380032; 0


1542380032; 1


1542380032; 0


1542380032; 1


1542380032; 0


1542380032; 1


1542380032; 0


1542380032; 1


1542380032; 0


1542380032; 1


1542380032; 0


1542380032; 1


1542380032; 0


1542380032; 1


1542380032; 0


1542380032; 1


1542380033; 0


1542380033; 1


1542380033; 0


1542380033; 1


1542380033; 0


1542380033; 1


1542380033; 0


1542380033; 1


1542380033; 0


1542380033; 1


1542380033; 0


1542380033; 1


1542380033; 0


1542380033; 1


1542380033; 0


1542380033; 1


1542380033; 0


1542380033; 1


1542380033; 0


1542380033; 1


1542380033; 0


1542380033; 1


1542380033; 0


1542380033; 1


1542380033; 0


1542380033; 1


1542380033; 0


1542380033; 1


1542380051; 0


1542380052; 1


1542380053; 0


1542380054; 1


1542380055; 0


1542380056; 1


1542380056; 0


1542380056; 1


1542380061; 0


1542380062; 1


1542380152; 0


1542380153; 1


1542380154; 0


1542380155; 1


1542380155; 0


1542380155; 1


1542380475; 1


1542380477; 0


1542380478; 1


1542380479; 0


1542380480; 1


1542380482; 0


1542380484; 1


1542380487; 0


1542380489; 1


1542380523; 0


1542380524; 1


1542380525; 0


1542380526; 1


1542380527; 0


1542380527; 1


1542380528; 0


1542380529; 1


1542380529; 0


1542380529; 1


1542380530; 0


1542380533; 1


1542380534; 0


1542380535; 1


1542380554; 1


1542380559; 0


1542380565; 1


1542380566; 0


1542380570; 1


1542380571; 0


1542380582; 1


1542380583; 0


1542380587; 1


1542380587; 0


1542380587; 1


1542380588; 0


1542380590; 1


1542380592; 0


1542380626; 1


1542380645; 0


1542380645; 1


1542380645; 0


1542380646; 1


1542380647; 0


1542380647; 1


1542380647; 0


1542380647; 1


1542380647; 0


1542380648; 1


1542380648; 0


1542380648; 1


1542380649; 0


1542380649; 1


1542380649; 0


1542380649; 1


1542380649; 0


1542380649; 1


1542380649; 0


1542380649; 1


1542380649; 0


1542380649; 1


1542380649; 0


1542380649; 1


1542380650; 0


1542380650; 1


1542380650; 0


1542380650; 1


1542380650; 0


1542380650; 1


1542380650; 0


1542380650; 1


1542380650; 0


1542380653; 1


1542380654; 0


1542380655; 1


1542380656; 0


1542380657; 1


1542380658; 0


1542380659; 1


1542380659; 0


1542380659; 1


1542380659; 0


1542380659; 1


1542380659; 0


1542380660; 1


1542380662; 0


1542380664; 1


cold water 1542384340; 1


hot water 1542384340; 66832


cold water 1542384350; 0


cold water 1542384351; 1


cold water 1542384380; 1


hot water 1542384380; 1


hot water 1542384383; 0


cold water 1542384383; 0


hot water 1542384386; 1


cold water 1542384387; 1


hot water 1542384390; 0


cold water 1542384390; 0


cold water 1542384390; 1


cold water 1542384392; 0


cold water 1542384392; 1


cold water 1542384392; 0


cold water 1542384392; 1


cold water 1542384392; 0


cold water 1542384392; 1


cold water 1542384392; 0


hot water 1542384394; 1


cold water 1542384395; 1


cold water 1542384419; 0


cold water 1542384427; 1


cold water 1542384427; 0


cold water 1542384427; 1


cold water 1542384427; 0


cold water 1542384427; 1


cold water 1542384427; 0


cold water 1542384427; 1


cold water 1542384427; 0


cold water 1542384427; 1


cold water 1542384427; 0


cold water 1542384427; 1


cold water 1542384427; 0


cold water 1542384427; 1


cold water 1542384427; 0


cold water 1542384427; 1


cold water 1542384427; 0


cold water 1542384427; 1


cold water 1542384427; 0


cold water 1542384427; 1


cold water 1542384427; 0


cold water 1542384427; 1


cold water 1542384427; 0


cold water 1542384427; 1


cold water 1542384427; 0


cold water 1542384427; 1


cold water 1542384427; 0


cold water 1542384427; 1


cold water 1542384428; 0


cold water 1542384428; 1


cold water 1542384428; 0


cold water 1542384428; 1


cold water 1542384428; 0


cold water 1542384428; 1


cold water 1542384428; 0


cold water 1542384428; 1


cold water 1542384428; 0


cold water 1542384428; 1


cold water 1542384428; 0


cold water 1542384428; 1


cold water 1542384428; 0


cold water 1542384428; 1


cold water 1542384428; 0


cold water 1542384428; 1


cold water 1542384428; 0


cold water 1542384428; 1


cold water 1542384428; 0


cold water 1542384428; 1


cold water 1542384428; 0


cold water 1542384428; 1


cold water 1542384428; 0


cold water 1542384428; 1


cold water 1542384428; 0


cold water 1542384428; 1


cold water 1542384428; 0


cold water 1542384428; 1


cold water 1542384428; 0


cold water 1542384428; 1


cold water 1542384428; 0


cold water 1542384428; 1


cold water 1542384428; 0


cold water 1542384429; 1


cold water 1542384429; 0


cold water 1542384429; 1


cold water 1542384429; 0


cold water 1542384429; 1


cold water 1542384429; 0


cold water 1542384429; 1


cold water 1542384429; 0


cold water 1542384429; 1


cold water 1542384429; 0


cold water 1542384429; 1


cold water 1542384429; 0


cold water 1542384429; 1


cold water 1542384429; 0


cold water 1542384429; 1


cold water 1542384429; 0


cold water 1542384429; 1


cold water 1542384429; 0


cold water 1542384429; 1


cold water 1542384429; 0


cold water 1542384429; 1


cold water 1542384429; 0


cold water 1542384429; 1


cold water 1542384429; 0


cold water 1542384429; 1


cold water 1542384429; 0


cold water 1542384429; 1


cold water 1542384429; 0


cold water 1542384430; 1


cold water 1542384431; 0


cold water 1542384431; 1


cold water 1542384431; 0


cold water 1542384431; 1


cold water 1542384431; 0


cold water 1542384431; 1


cold water 1542384431; 0


cold water 1542384431; 1


cold water 1542384431; 0


cold water 1542384431; 1


cold water 1542384431; 0


cold water 1542384431; 1


cold water 1542384431; 0


cold water 1542384431; 1


cold water 1542384431; 0


cold water 1542384431; 1


cold water 1542384431; 0


cold water 1542384431; 1


cold water 1542384431; 0


cold water 1542384431; 1


cold water 1542384431; 0


cold water 1542384431; 1


cold water 1542384431; 0


cold water 1542384431; 1


cold water 1542384431; 0


cold water 1542384431; 1


cold water 1542384431; 0


cold water 1542384431; 1


cold water 1542384431; 0


cold water 1542384431; 1


cold water 1542384431; 0


cold water 1542384431; 1


cold water 1542384431; 0


cold water 1542384431; 1


cold water 1542384431; 0


cold water 1542384431; 1


cold water 1542384431; 0


cold water 1542384431; 1


cold water 1542384431; 0


cold water 1542384431; 1


cold water 1542384431; 0


cold water 1542384431; 1


cold water 1542384431; 0


cold water 1542384431; 1


cold water 1542384431; 0


cold water 1542384431; 1


cold water 1542384431; 0


cold water 1542384431; 1


cold water 1542384431; 0


cold water 1542384431; 1


cold water 1542384431; 0


cold water 1542384431; 1


cold water 1542384431; 0


cold water 1542384431; 1


cold water 1542384431; 0


cold water 1542384431; 1


cold water 1542384431; 0


cold water 1542384431; 1


cold water 1542384431; 0


cold water 1542384431; 1


cold water 1542384431; 0


cold water 1542384431; 1


cold water 1542384431; 0


cold water 1542384431; 1


cold water 1542384431; 0


cold water 1542384431; 1


cold water 1542384431; 0


cold water 1542384431; 1


cold water 1542384431; 0


cold water 1542384431; 1


cold water 1542384431; 0


cold water 1542384431; 1


cold water 1542384431; 0


cold water 1542384431; 1


cold water 1542384431; 0


cold water 1542384431; 1


cold water 1542384431; 0


cold water 1542384431; 1


cold water 1542384431; 0


cold water 1542384431; 1


cold water 1542384431; 0


cold water 1542384431; 1


cold water 1542384431; 0


cold water 1542384431; 1


cold water 1542384431; 0


cold water 1542384431; 1


cold water 1542384431; 0


cold water 1542384431; 1


cold water 1542384431; 0


cold water 1542384431; 1


cold water 1542384431; 0


cold water 1542384431; 1


cold water 1542384431; 0


cold water 1542384431; 1


cold water 1542384431; 0


cold water 1542384431; 1


cold water 1542384431; 0


cold water 1542384431; 1


cold water 1542384431; 0


cold water 1542384431; 1


cold water 1542384431; 0


cold water 1542384431; 1


cold water 1542384431; 0


cold water 1542384431; 1


cold water 1542384431; 0


cold water 1542384431; 1


cold water 1542384431; 0


cold water 1542384431; 1


cold water 1542384431; 0


cold water 1542384431; 1


cold water 1542384431; 0


cold water 1542384431; 1


cold water 1542384431; 0


cold water 1542384431; 1


cold water 1542384431; 0


cold water 1542384431; 1


cold water 1542384431; 0


cold water 1542384431; 1


cold water 1542384431; 0


cold water 1542384431; 1


cold water 1542384431; 0


cold water 1542384431; 1


cold water 1542384431; 0


cold water 1542384431; 1


cold water 1542384431; 0


cold water 1542384431; 1


cold water 1542384431; 0


cold water 1542384431; 1


cold water 1542384431; 0


cold water 1542384431; 1


cold water 1542384431; 0


cold water 1542384431; 1


cold water 1542384431; 0


cold water 1542384431; 1


cold water 1542384431; 0


cold water 1542384431; 1


cold water 1542384431; 0


cold water 1542384431; 1


cold water 1542384431; 0


cold water 1542384431; 1


cold water 1542384431; 0


cold water 1542384431; 1


cold water 1542384431; 0


cold water 1542384431; 1


cold water 1542384431; 0


cold water 1542384431; 1


cold water 1542384431; 0


cold water 1542384431; 1


cold water 1542384431; 0


cold water 1542384431; 1


cold water 1542384431; 0


cold water 1542384431; 1


cold water 1542384431; 0


cold water 1542384431; 1


cold water 1542384431; 0


cold water 1542384431; 1


cold water 1542384431; 0


cold water 1542384431; 1


cold water 1542384431; 0


cold water 1542384431; 1


cold water 1542384442; 0


cold water 1542384442; 1


cold water 1542384442; 0


cold water 1542384442; 1


cold water 1542384442; 0


cold water 1542384442; 1


cold water 1542384442; 0


cold water 1542384442; 1


cold water 1542384442; 0


cold water 1542384442; 1


cold water 1542384442; 0


cold water 1542384442; 1


cold water 1542384442; 0


cold water 1542384442; 1


cold water 1542384442; 0


cold water 1542384442; 1


cold water 1542384442; 0


cold water 1542384442; 1


cold water 1542384442; 0


cold water 1542384442; 1


cold water 1542384442; 0


cold water 1542384442; 1


cold water 1542384442; 0


cold water 1542384444; 1


cold water 1542384446; 0


hot water 1542384447; 0


hot water 1542384450; 1


hot water 1542384453; 0


cold water 1542384494; 1


cold water 1542384495; 0


hot water 1542384499; 1


hot water 1542384501; 0


hot water 1542384501; 1


hot water 1542384501; 0


hot water 1542384501; 1


hot water 1542384501; 0


hot water 1542384501; 1


hot water 1542384501; 0


cold water 1542384787; 1


hot water 1542384787; 1


hot water 1542384787; 0


hot water 1542384787; 1


hot water 1542384787; 0


hot water 1542384787; 1


hot water 1542384787; 0


hot water 1542384787; 1


hot water 1542384787; 0


hot water 1542384787; 1


hot water 1542384787; 0


hot water 1542384787; 1


hot water 1542384787; 0


cold water 1542384787; 0


cold water 1542384787; 1


cold water 1542384787; 0


cold water 1542384787; 1


cold water 1542384787; 0


cold water 1542384787; 1


cold water 1542384787; 0


cold water 1542384787; 1


cold water 1542384787; 0


cold water 1542384787; 1


cold water 1542384787; 0


cold water 1542384787; 1


cold water 1542384787; 0


cold water 1542384787; 1


cold water 1542384787; 0


cold water 1542384787; 1


cold water 1542384787; 0


cold water 1542384787; 1


cold water 1542384787; 0


cold water 1542384787; 1


cold water 1542384787; 0


cold water 1542384789; 1


hot water 1542384789; 1


cold water 1542384792; 0


hot water 1542384792; 0


hot water 1542384792; 1


hot water 1542384792; 0


hot water 1542384792; 1


hot water 1542384792; 0


hot water 1542384798; 1


cold water 1542384798; 1


cold water 1542814485; -1


hot water 1542814485; -1


cold water 1542815847; -1


hot water 1542815847; -1


cold water 1542817637; -1


hot water 1542817637; -1


cold water 1542817710; -1


hot water 1542817710; -1


hot water 1542817753; -1


cold water 1542818003; -38


hot water 1542818003; -38


cold water 1542818257; -48


cold water 1542818257; 0


hot water 1542971188; -38


cold water 1542971416; 1


cold water 1542971430; -48


cold water 1542971430; 0


cold water 1542971445; 1


cold water 1542971448; -48


cold water 1542971448; 1


cold water 1542971451; -48


cold water 1542971451; 0


cold water 1542971455; 1


cold water 1542971458; 0


cold water 1542971461; 1


cold water 1542971463; -48


cold water 1542971463; 0


cold water 1542971790; -48


cold water 1542971790; 1


cold water 1542971802; -48


cold water 1542971802; 0


cold water 1542971811; -48


cold water 1542971811; 1


cold water 1542971812; -48


cold water 1542971812; 0


cold water 1542971813; 1


cold water 1542971814; -48


cold water 1542971814; 0


cold water 1542971815; -48


cold water 1542971815; 1


cold water 1542972124; -1


cold water 1542972161; -1


hot water 1542972161; -1


cold water 1542972179; -48


cold water 1542972181; -1


cold water 1542972193; -48


cold water 1542972211; 0


hot water 1542972238; -1


hot water 1542972548; -48


hot water 1542972548; 1


hot water 1542972554; -48


hot water 1542972554; 0


cold water 1542972568; -48


cold water 1542972568; 1


hot water 1542972578; 1


cold water 1542972586; -48


cold water 1542972586; 0


cold water 1543344219; -1


hot water 1543344219; -1


hot water 1543344297; 1


cold water 1543344300; 1


cold water 1543344301; 0


cold water 1543344301; 1


cold water 1543344301; 0


cold water 1543344302; 1


cold water 1543344302; 0


cold water 1543344302; 1


cold water 1543344303; 0


cold water 1543344303; 1


cold water 1543344303; 0


cold water 1543344304; 1


cold water 1543344304; 0


cold water 1543344304; 1


hot water 1543344306; 0


hot water 1543344307; 1


hot water 1543344309; 0


hot water 1543344309; 1


hot water 1543344312; 0


cold water 1543344313; 0


cold water 1543344313; 1


cold water 1543344313; 0


cold water 1543344313; 1


hot water 1543344318; 1


hot water 1543344325; 0


hot water 1543344325; 1


hot water 1543344328; 0


cold water 1543344328; 0


cold water 1543344328; 1


cold water 1543344328; 0


cold water 1543344328; 1


cold water 1543344351; 1


cold water 1543344353; 0


cold water 1543344354; 1


cold water 1543344355; 0


cold water 1543344356; 1


hot water 1543344356; 1


hot water 1543344359; 0


cold water 1543344359; 0


cold water 1543344914; 1


hot water 1543344914; 1


cold water 1543344916; 0


cold water 1543344917; 1


cold water 1543344995; 1


hot water 1543344995; 1


cold water 1543344999; 0


hot water 1543344999; 0

1544563399;cold water;-48
1544563399;hot water;-48
1544563399;cold water;45
1544563399;hot water;45
1544563399;hot water;-48
1544563399;cold water;-48
1544563399;hot water;45
1544563399;cold water;45
1544563399;cold water;-48
1544563399;hot water;-48
1544563399;cold water;45
1544563399;hot water;45
1544563399;hot water;-48
1544563399;cold water;-48
1544563399;hot water;45
1544563399;cold water;45
1544563399;cold water;-48
1544563399;hot water;-48
1544563399;cold water;45
1544563399;hot water;45
1544563399;hot water;-48
1544563399;cold water;-48
1544563399;hot water;45
1544563399;cold water;45
1544563399;cold water;-48
1544563399;hot water;-48
1544563399;cold water;45
1544563399;hot water;45
1544563399;hot water;-48
1544563399;cold water;-48
1544563399;hot water;45
1544563399;cold water;45
1544563399;cold water;-48
1544563399;hot water;-48
1544563399;cold water;45
1544563399;hot water;45
1544563399;hot water;-48
1544563399;cold water;-48
1544563399;hot water;45
1544563399;cold water;45
1544563399;cold water;-48
1544563399;hot water;-48
1544563399;cold water;45
1544563399;hot water;45
1544563399;hot water;-48
1544563399;cold water;-48
1544563399;hot water;45
1544563399;cold water;45
1544563399;cold water;-48
1544563399;hot water;-48
1544563399;cold water;45
1544563399;hot water;45
1544563399;hot water;-48
1544563399;cold water;-48
1544563399;hot water;45
1544563399;cold water;45
1544563399;cold water;-48
1544563399;hot water;-48
1544563399;cold water;45
1544563399;hot water;45
1544563399;hot water;-48
1544563399;cold water;-48
1544563399;hot water;45
1544563399;cold water;45
1544563399;cold water;-48
1544563399;hot water;-48
1544563399;cold water;45
1544563399;hot water;45
1544563399;hot water;-48
1544563399;cold water;-48
1544563399;hot water;45
1544563399;cold water;45
1544563399;cold water;-48
1544563399;hot water;-48
1544563399;cold water;45
1544563399;hot water;45
1544563399;hot water;-48
1544563399;cold water;-48
1544563399;hot water;45
1544563399;cold water;45
1544563399;cold water;-48
1544563399;hot water;-48
1544563399;cold water;45
1544563399;hot water;45
1544563399;hot water;-48
1544563399;cold water;-48
1544563399;hot water;45
1544563399;cold water;45
1544563399;cold water;-48
1544563399;hot water;-48
1544563399;cold water;45
1544563399;hot water;45
1544563399;hot water;-48
1544563399;cold water;-48
1544563399;hot water;45
1544563399;cold water;45
1544563399;cold water;-48
1544563399;hot water;-48
1544563399;cold water;45
1544563399;hot water;45
1544563399;hot water;-48
1544563399;cold water;-48
1544563399;hot water;45
1544563399;cold water;45
1544563399;cold water;-48
1544563399;hot water;-48
1544563399;cold water;45
1544563399;hot water;45
1544563399;hot water;-48
1544563399;cold water;-48
1544563399;hot water;45
1544563399;cold water;45
1544563399;cold water;-48
1544563399;hot water;-48
1544563399;cold water;45
1544563399;hot water;45
1544563399;hot water;-48
1544563399;cold water;-48
1544563399;hot water;45
1544563399;cold water;45
1544563399;cold water;-48
1544563399;hot water;-48
1544563399;cold water;45
1544563399;hot water;45
1544563399;hot water;-48
1544563399;cold water;-48
1544563399;hot water;45
1544563399;cold water;45
1544563399;cold water;-48
1544563399;hot water;-48
1544563399;cold water;45
1544563399;hot water;45
1544563399;hot water;-48
1544563399;cold water;-48
1544563399;hot water;45
1544563399;cold water;45
1544563399;cold water;-48
1544563399;hot water;-48
1544563399;cold water;45
1544563399;hot water;45
1544563399;hot water;-48
1544563399;cold water;-48
1544563399;hot water;45
1544563399;cold water;45
1544563399;cold water;-48
1544563399;hot water;-48
1544563399;cold water;45
1544563399;hot water;45
1544563399;hot water;-48
1544563399;cold water;-48
1544563399;hot water;45
1544563399;cold water;45
1544563399;cold water;-48
1544563399;hot water;-48
1544563399;cold water;45
1544563399;hot water;45
1544563399;hot water;-48
1544563399;cold water;-48
1544563399;hot water;45
1544563399;cold water;45
1544563399;cold water;-48
1544563399;hot water;-48
1544563399;cold water;45
1544563399;hot water;45
1544563399;hot water;-48
1544563399;cold water;-48
1544563399;hot water;45
1544563399;cold water;45
1544563399;cold water;-48
1544563399;hot water;-48
1544563399;cold water;45
1544563399;hot water;45
1544563399;hot water;-48
1544563399;cold water;-48
1544563399;hot water;45
1544563399;cold water;45
1544563399;cold water;-48
1544563399;hot water;-48
1544563399;cold water;45
1544563399;hot water;45
1544563399;hot water;-48
1544563399;cold water;-48
1544563399;hot water;45
1544563399;cold water;45
1544563399;cold water;-48
1544563399;hot water;-48
1544563399;cold water;45
1544563399;hot water;45
1544563399;hot water;-48
1544563399;cold water;-48
1544563399;hot water;45
1544563399;cold water;45
1544563399;cold water;-48
1544563399;hot water;-48
1544563399;cold water;45
1544563399;hot water;45
1544563399;hot water;-48
1544563399;cold water;-48
1544563399;hot water;45
1544563399;cold water;45
1544563399;cold water;-48
1544563399;hot water;-48
1544563399;cold water;45
1544563399;hot water;45
1544563399;hot water;-48
1544563399;cold water;-48
1544563399;hot water;45
1544563399;cold water;45
1544563399;cold water;-48
1544563399;hot water;-48
1544563399;cold water;45
1544563399;hot water;45
1544563399;hot water;-48
1544563399;cold water;-48
1544563399;hot water;45
1544563399;cold water;45
1544563399;cold water;-48
1544563399;hot water;-48
1544563399;cold water;45
1544563399;hot water;45
1544563399;hot water;-48
1544563399;cold water;-48
1544563399;hot water;45
1544563399;cold water;45
1544563399;cold water;-48
1544563399;hot water;-48
1544563399;cold water;45
1544563399;hot water;45
1544563399;hot water;-48
1544563399;cold water;-48
1544563399;hot water;45
1544563399;cold water;45
1544563399;cold water;-48
1544563399;hot water;-48
1544563399;cold water;45
1544563399;hot water;45
1544563399;hot water;-48
1544563399;cold water;-48
1544563399;hot water;45
1544563399;cold water;45
1544563400;cold water;-48
1544563400;hot water;-48
1544563400;cold water;45
1544563400;hot water;45
1544563400;hot water;-48
1544563400;cold water;-48
1544563400;hot water;45
1544563400;cold water;45
1544563400;cold water;-48
1544563400;hot water;-48
1544563400;cold water;45
1544563400;hot water;45
1544563400;hot water;-48
1544563400;cold water;-48
1544563400;hot water;45
1544563400;cold water;45
1544563400;cold water;-48
1544563400;hot water;-48
1544563400;cold water;45
1544563400;hot water;45
1544563400;hot water;-48
1544563400;cold water;-48
1544563400;hot water;45
1544563400;cold water;45
1544563400;cold water;-48
1544563400;hot water;-48
1544563400;cold water;45
1544563400;hot water;45
1544563400;hot water;-48
1544563400;cold water;-48
1544563400;hot water;45
1544563400;cold water;45
1544563400;cold water;-48
1544563400;hot water;-48
1544563400;cold water;45
1544563400;hot water;45
1544563400;hot water;-48
1544563400;cold water;-48
1544563400;hot water;45
1544563400;cold water;45
1544563400;cold water;-48
1544563400;hot water;-48
1544563400;cold water;45
1544563400;hot water;45
1544563400;hot water;-48
1544563400;cold water;-48
1544563400;hot water;45
1544563400;cold water;45
1544563400;cold water;-48
1544563400;hot water;-48
1544563400;cold water;45
1544563400;hot water;45
1544563400;hot water;-48
1544563400;cold water;-48
1544563400;hot water;45
1544563400;cold water;45
1544563400;cold water;-48
1544563400;hot water;-48
1544563400;cold water;45
1544563400;hot water;45
1544563400;hot water;-48
1544563400;cold water;-48
1544563400;hot water;45
1544563400;cold water;45
1544563400;cold water;-48
1544563400;hot water;-48
1544563400;cold water;45
1544563400;hot water;45
1544563400;hot water;-48
1544563400;cold water;-48
1544563400;hot water;45
1544563400;cold water;45
1544563400;cold water;-48
1544563400;hot water;-48
1544563400;cold water;45
1544563400;hot water;45
1544563400;hot water;-48
1544563400;cold water;-48
1544563400;hot water;45
1544563400;cold water;45
1544563400;cold water;-48
1544563400;hot water;-48
1544563400;cold water;45
1544563400;hot water;45
1544563400;hot water;-48
1544563400;cold water;-48
1544563400;hot water;45
1544563400;cold water;45
1544563400;cold water;-48
1544563400;hot water;-48
1544563400;cold water;45
1544563400;hot water;45
1544563400;hot water;-48
1544563400;cold water;-48
1544563400;hot water;45
1544563400;cold water;45
1544563400;cold water;-48
1544563400;hot water;-48
1544563400;cold water;45
1544563400;hot water;45
1544563400;hot water;-48
1544563400;cold water;-48
1544563400;hot water;45
1544563400;cold water;45
1544563400;cold water;-48
1544563400;hot water;-48
1544563400;cold water;45
1544563400;hot water;45
1544563400;hot water;-48
1544563400;cold water;-48
1544563400;hot water;45
1544563400;cold water;45
1544563400;cold water;-48
1544563400;hot water;-48
1544563400;cold water;45
1544563400;hot water;45
1544563400;hot water;-48
1544563400;cold water;-48
1544563400;hot water;45
1544563400;cold water;45
1544563400;cold water;-48
1544563400;hot water;-48
1544563400;cold water;45
1544563400;hot water;45
1544563400;hot water;-48
1544563400;cold water;-48
1544563400;hot water;45
1544563400;cold water;45
1544563400;cold water;-48
1544563400;hot water;-48
1544563400;cold water;45
1544563400;hot water;45
1544563400;hot water;-48
1544563400;cold water;-48
1544563400;hot water;45
1544563400;cold water;45
1544563400;cold water;-48
1544563400;hot water;-48
1544563400;cold water;45
1544563400;hot water;45
1544563400;hot water;-48
1544563400;cold water;-48
1544563400;hot water;45
1544563400;cold water;45
1544563400;cold water;-48
1544563400;hot water;-48
1544563400;cold water;45
1544563400;hot water;45
1544563400;hot water;-48
1544563400;cold water;-48
1544563400;hot water;45
1544563400;cold water;45
1544563400;cold water;-48
1544563400;hot water;-48
1544563400;cold water;45
1544563400;hot water;45
1544563400;hot water;-48
1544563400;cold water;-48
1544563400;hot water;45
1544563400;cold water;45
1544563400;cold water;-48
1544563400;hot water;-48
1544563400;cold water;45
1544563400;hot water;45
1544563400;hot water;-48
1544563400;cold water;-48
1544563400;hot water;45
1544563400;cold water;45
1544563400;cold water;-48
1544563400;hot water;-48
1544563400;cold water;45
1544563400;hot water;45
1544563400;hot water;-48
1544563400;cold water;-48
1544563400;hot water;45
1544563400;cold water;45
1544563400;cold water;-48
1544563400;hot water;-48
1544563400;cold water;45
1544563400;hot water;45
1544563400;hot water;-48
1544563400;cold water;-48
1544563400;hot water;45
1544563400;cold water;45
1544563400;cold water;-48
1544563400;hot water;-48
1544563400;cold water;45
1544563400;hot water;45
1544563400;hot water;-48
1544563400;cold water;-48
1544563400;hot water;45
1544563400;cold water;45
1544563400;cold water;-48
1544563400;hot water;-48
1544563400;cold water;45
1544563400;hot water;45
1544563400;hot water;-48
1544563400;cold water;-48
1544563400;hot water;45
1544563400;cold water;45
1544563400;cold water;-48
1544563400;hot water;-48
1544563400;cold water;45
1544563400;hot water;45
1544563400;hot water;-48
1544563400;cold water;-48
1544563400;hot water;45
1544563400;cold water;45
1544563400;cold water;-48
1544563400;hot water;-48
1544563400;cold water;45
1544563400;hot water;45
1544563400;hot water;-48
1544563400;cold water;-48
1544563400;hot water;45
1544563400;cold water;45
1544563400;cold water;-48
1544563400;hot water;-48
1544563400;cold water;45
1544563400;hot water;45
1544563400;hot water;-48
1544563400;cold water;-48
1544563400;hot water;45
1544563400;cold water;45
1544563400;cold water;-48
1544563400;hot water;-48
1544563400;cold water;45
1544563400;hot water;45
1544563400;hot water;-48
1544563400;cold water;-48
1544563400;hot water;45
1544563400;cold water;45
1544563400;cold water;-48
1544563400;hot water;-48
1544563400;cold water;45
1544563400;hot water;45
1544563400;hot water;-48
1544563400;cold water;-48
1544563400;hot water;45
1544563400;cold water;45
1544563400;cold water;-48
1544563400;hot water;-48
1544563400;cold water;45
1544563400;hot water;45
1544563400;hot water;-48
1544563400;cold water;-48
1544563400;hot water;45
1544563400;cold water;45
1544563400;cold water;-48
1544563400;hot water;-48
1544563400;cold water;45
1544563400;hot water;45
1544563400;hot water;-48
1544563400;cold water;-48
1544563400;hot water;45
1544563400;cold water;45
1544563400;cold water;-48
1544563400;hot water;-48
1544563400;cold water;45
1544563400;hot water;45
1544563400;hot water;-48
1544563400;cold water;-48
1544563400;hot water;45
1544563400;cold water;45
1544563400;cold water;-48
1544563400;hot water;-48
1544563400;cold water;45
1544563400;hot water;45
1544563400;hot water;-48
1544563400;cold water;-48
1544563400;hot water;45
1544563400;cold water;45
1544563400;cold water;-48
1544563400;hot water;-48
1544563400;cold water;45
1544563400;hot water;45
1544563400;hot water;-48
1544563400;cold water;-48
1544563400;hot water;45
1544563400;cold water;45
1544563400;cold water;-48
1544563400;hot water;-48
1544563400;cold water;45
1544563260;hot water;45
1544563260;hot water;-48
1544563260;cold water;-48
1544563260;hot water;45
1544563260;cold water;45
1544563260;cold water;-48
1544563260;hot water;-48
1544563260;cold water;45
1544563260;hot water;45
1544563260;hot water;-48
1544563260;cold water;-48
1544563260;hot water;45
1544563260;cold water;45
1544563260;cold water;-48
1544563260;hot water;-48
1544563260;cold water;45
1544563260;hot water;45
1544563260;hot water;-48
1544563260;cold water;-48
1544563260;hot water;45
1544563260;cold water;45
1544563260;cold water;-48
1544563260;hot water;-48
1544563260;cold water;45
1544563260;hot water;45
1544563260;hot water;-48
1544563260;cold water;-48
1544563260;hot water;45
1544563260;cold water;45
1544563260;cold water;-48
1544563260;hot water;-48
1544563260;cold water;45
1544563260;hot water;45
1544563260;hot water;-48
1544563260;cold water;-48
1544563260;hot water;45
1544563260;cold water;45
1544563401;cold water;-48
1544563401;hot water;-48
1544563401;cold water;45
1544563401;hot water;45
1544563401;hot water;-48
1544563401;cold water;-48
1544563401;hot water;45
1544563401;cold water;45
1544563401;cold water;-48
1544563401;hot water;-48
1544563401;cold water;45
1544563401;hot water;45
1544563401;hot water;-48
1544563401;cold water;-48
1544563401;hot water;45
1544563401;cold water;45
1544563401;cold water;-48
1544563401;hot water;-48
1544563401;cold water;45
1544563401;hot water;45
1544563401;hot water;-48
1544563401;cold water;-48
1544563401;hot water;45
1544563401;cold water;45
1544563401;cold water;-48
1544563401;hot water;-48
1544563401;cold water;45
1544563401;hot water;45
1544563401;hot water;-48
1544563401;cold water;-48
1544563401;hot water;45
1544563401;cold water;45
1544563401;cold water;-48
1544563401;hot water;-48
1544563401;cold water;45
1544563401;hot water;45
1544563401;hot water;-48
1544563401;cold water;-48
1544563401;hot water;45
1544563401;cold water;45
1544563401;cold water;-48
1544563401;hot water;-48
1544563401;cold water;45
1544563401;hot water;45
1544563401;hot water;-48
1544563401;cold water;-48
1544563401;hot water;45
1544563401;cold water;45
1544563401;cold water;-48
1544563401;hot water;-48
1544563401;cold water;45
1544563401;hot water;45
1544563401;hot water;-48
1544563401;cold water;-48
1544563401;hot water;45
1544563401;cold water;45
1544563401;cold water;-48
1544563401;hot water;-48
1544563401;cold water;45
1544563401;hot water;45
1544563401;hot water;-48
1544563401;cold water;-48
1544563401;hot water;45
1544563401;cold water;45
1544563401;cold water;-48
1544563401;hot water;-48
1544563401;cold water;45
1544563401;hot water;45
1544563401;hot water;-48
1544563401;cold water;-48
1544563401;hot water;45
1544563401;cold water;45
1544563401;cold water;-48
1544563401;hot water;-48
1544563401;cold water;45
1544563401;hot water;45
1544563401;hot water;-48
1544563401;cold water;-48
1544563401;hot water;45
1544563401;cold water;45
1544563401;cold water;-48
1544563401;hot water;-48
1544563401;cold water;45
1544563401;hot water;45
1544563401;hot water;-48
1544563401;cold water;-48
1544563401;hot water;45
1544563401;cold water;45
1544563401;cold water;-48
1544563401;hot water;-48
1544563401;cold water;45
1544563401;hot water;45
1544563401;hot water;-48
1544563401;cold water;-48
1544563401;hot water;45
1544563401;cold water;45
1544563401;cold water;-48
1544563401;hot water;-48
1544563401;cold water;45
1544563401;hot water;45
1544563401;hot water;-48
1544563401;cold water;-48
1544563401;hot water;45
1544563401;cold water;45
1544563401;cold water;-48
1544563401;hot water;-48
1544563401;cold water;45
1544563401;hot water;45
1544563401;hot water;-48
1544563401;cold water;-48
1544563401;hot water;45
1544563401;cold water;45
1544563401;cold water;-48
1544563401;hot water;-48
1544563401;cold water;45
1544563401;hot water;45
1544563401;hot water;-48
1544563401;cold water;-48
1544563401;hot water;45
1544563401;cold water;45
1544563401;cold water;-48
1544563401;hot water;-48
1544563401;cold water;45
1544563401;hot water;45
1544563401;hot water;-48
1544563401;cold water;-48
1544563401;hot water;45
1544563401;cold water;45
1544563401;cold water;-48
1544563401;hot water;-48
1544563401;cold water;45
1544563401;hot water;45
1544563401;hot water;-48
1544563401;cold water;-48
1544563401;hot water;45
1544563401;cold water;45
1544563401;cold water;-48
1544563401;hot water;-48
1544563401;cold water;45
1544563401;hot water;45
1544563401;hot water;-48
1544563401;cold water;-48
1544563401;hot water;45
1544563401;cold water;45
1544563401;cold water;-48
1544563401;hot water;-48
1544563401;cold water;45
1544563401;hot water;45
1544563401;hot water;-48
1544563401;cold water;-48
1544563401;hot water;45
1544563401;cold water;45
1544563401;cold water;-48
1544563401;hot water;-48
1544563401;cold water;45
1544563401;hot water;45
1544563401;hot water;-48
1544563401;cold water;-48
1544563401;hot water;45
1544563401;cold water;45
1544563401;cold water;-48
1544563401;hot water;-48
1544563401;cold water;45
1544563401;hot water;45
1544563401;hot water;-48
1544563401;cold water;-48
1544563401;hot water;45
1544563401;cold water;45
1544563401;cold water;-48
1544563401;hot water;-48
1544563401;cold water;45
1544563401;hot water;45
1544563401;hot water;-48
1544563401;cold water;-48
1544563401;hot water;45
1544563401;cold water;45
1544563401;cold water;-48
1544563401;hot water;-48
1544563401;cold water;45
1544563401;hot water;45
1544563401;hot water;-48
1544563401;cold water;-48
1544563401;hot water;45
1544563401;cold water;45
1544563401;cold water;-48
1544563401;hot water;-48
1544563401;cold water;45
1544563401;hot water;45
1544563401;hot water;-48
1544563401;cold water;-48
1544563401;hot water;45
1544563401;cold water;45
1544563401;cold water;-48
1544563401;hot water;-48
1544563401;cold water;45
1544563401;hot water;45
1544563401;hot water;-48
1544563401;cold water;-48
1544563401;hot water;45
1544563401;cold water;45
1544563401;cold water;-48
1544563401;hot water;-48
1544563401;cold water;45
1544563401;hot water;45
1544563401;hot water;-48
1544563401;cold water;-48
1544563401;hot water;45
1544563401;cold water;45
1544563401;cold water;-48
1544563401;hot water;-48
1544563401;cold water;45
1544563401;hot water;45
1544563401;hot water;-48
1544563401;cold water;-48
1544563401;hot water;45
1544563401;cold water;45
1544563401;cold water;-48
1544563401;hot water;-48
1544563401;cold water;45
1544563401;hot water;45
1544563401;hot water;-48
1544563401;cold water;-48
1544563401;hot water;45
1544563401;cold water;45
1544563401;cold water;-48
1544563401;hot water;-48
1544563401;cold water;45
1544563401;hot water;45
1544563401;hot water;-48
1544563401;cold water;-48
1544563401;hot water;45
1544563401;cold water;45
1544563401;cold water;-48
1544563401;hot water;-48
1544563401;cold water;45
1544563401;hot water;45
1544563401;hot water;-48
1544563401;cold water;-48
1544563401;hot water;45
1544563401;cold water;45
1544563401;cold water;-48
1544563401;hot water;-48
1544563401;cold water;45
1544563401;hot water;45
1544563401;hot water;-48
1544563401;cold water;-48
1544563401;hot water;45
1544563401;cold water;45
1544563401;cold water;-48
1544563401;hot water;-48
1544563401;cold water;45
1544563401;hot water;45
1544563401;hot water;-48
1544563401;cold water;-48
1544563401;hot water;45
1544563401;cold water;45
1544563401;cold water;-48
1544563401;hot water;-48
1544563401;cold water;45
1544563401;hot water;45
1544563401;hot water;-48
1544563401;cold water;-48
1544563401;hot water;45
1544563401;cold water;45
1544563401;cold water;-48
1544563401;hot water;-48
1544563401;cold water;45
1544563401;hot water;45
1544563401;hot water;-48
1544563401;cold water;-48
1544563401;hot water;45
1544563401;cold water;45
1544563401;cold water;-48
1544563401;hot water;-48
1544563401;cold water;45
1544563401;hot water;45
1544563401;hot water;-48
1544563401;cold water;-48
1544563401;hot water;45
1544563401;cold water;45
1544563401;cold water;-48
1544563401;hot water;-48
1544563401;cold water;45
1544563401;hot water;45
1544563401;hot water;-48
1544563401;cold water;-48
1544563401;hot water;45
1544563401;cold water;45
1544563401;cold water;-48
1544563401;hot water;-48
1544563401;cold water;45
1544563401;hot water;45
1544563401;hot water;-48
1544563402;cold water;-48
1544563402;hot water;45
1544563402;cold water;45
1544563402;cold water;-48
1544563402;hot water;-48
1544563402;cold water;45
1544563402;hot water;45
1544563402;hot water;-48
1544563402;cold water;-48
1544563402;hot water;45
1544563402;cold water;45
1544563402;cold water;-48
1544563402;hot water;-48
1544563402;cold water;45
1544563402;hot water;45
1544563402;hot water;-48
1544563402;cold water;-48
1544563402;hot water;45
1544563402;cold water;45
1544563402;cold water;-48
1544563402;hot water;-48
1544563402;cold water;45
1544563402;hot water;45
1544563402;hot water;-48
1544563402;cold water;-48
1544563402;hot water;45
1544563402;cold water;45
1544563402;cold water;-48
1544563402;hot water;-48
1544563402;cold water;45
1544563402;hot water;45
1544563402;hot water;-48
1544563402;cold water;-48
1544563402;hot water;45
1544563402;cold water;45
1544563402;cold water;-48
1544563402;hot water;-48
1544563402;cold water;45
1544563402;hot water;45
1544563402;hot water;-48
1544563402;cold water;-48
1544563402;hot water;45
1544563402;cold water;45
1544563402;cold water;-48
1544563402;hot water;-48
1544563402;cold water;45
1544563402;hot water;45
1544563402;hot water;-48
1544563402;cold water;-48
1544563402;hot water;45
1544563402;cold water;45
1544563402;cold water;-48
1544563402;hot water;-48
1544563402;cold water;45
1544563402;hot water;45
